2017-11-27 08:20:44.792  INFO 38790 --- [main] c.c.c.ConfigServicePropertySourceLocator : Fetching config from server at: http://localhost:8888
2017-11-27 08:20:45.013  WARN 38790 --- [main] c.c.c.ConfigServicePropertySourceLocator : Could not locate PropertySource: I/O error on GET request for "http://localhost:8888/application/default": Connection refused (Connection refused); nested exception is java.net.ConnectException: Connection refused (Connection refused)
2017-11-27 08:20:45.033  INFO 38790 --- [main] com.hengaiw.PayServer                    : No active profile set, falling back to default profiles: default
2017-11-27 08:20:45.053  INFO 38790 --- [main] ationConfigEmbeddedWebApplicationContext : Refreshing org.springframework.boot.context.embedded.AnnotationConfigEmbeddedWebApplicationContext@56aaaecd: startup date [Mon Nov 27 08:20:45 CST 2017]; parent: org.springframework.context.annotation.AnnotationConfigApplicationContext@619713e5
2017-11-27 08:20:46.050  INFO 38790 --- [main] o.s.cloud.context.scope.GenericScope     : BeanFactory id=a400a8d3-55ce-3117-8072-9dc11388e077
2017-11-27 08:20:46.065  INFO 38790 --- [main] f.a.AutowiredAnnotationBeanPostProcessor : JSR-330 'javax.inject.Inject' annotation found and supported for autowiring
2017-11-27 08:20:46.122  INFO 38790 --- [main] trationDelegate$BeanPostProcessorChecker : Bean 'org.springframework.cloud.netflix.metrics.MetricsInterceptorConfiguration$MetricsRestTemplateConfiguration' of type [org.springframework.cloud.netflix.metrics.MetricsInterceptorConfiguration$MetricsRestTemplateConfiguration$$EnhancerBySpringCGLIB$$9758f48b] is not eligible for getting processed by all BeanPostProcessors (for example: not eligible for auto-proxying)
2017-11-27 08:20:46.131  INFO 38790 --- [main] trationDelegate$BeanPostProcessorChecker : Bean 'org.springframework.cloud.autoconfigure.ConfigurationPropertiesRebinderAutoConfiguration' of type [org.springframework.cloud.autoconfigure.ConfigurationPropertiesRebinderAutoConfiguration$$EnhancerBySpringCGLIB$$81465147] is not eligible for getting processed by all BeanPostProcessors (for example: not eligible for auto-proxying)
2017-11-27 08:20:46.439  INFO 38790 --- [main] s.b.c.e.t.TomcatEmbeddedServletContainer : Tomcat initialized with port(s): 8000 (http)
2017-11-27 08:20:46.453  INFO 38790 --- [main] o.apache.catalina.core.StandardService   : Starting service [Tomcat]
2017-11-27 08:20:46.453  INFO 38790 --- [main] org.apache.catalina.core.StandardEngine  : Starting Servlet Engine: Apache Tomcat/8.5.16
2017-11-27 08:20:46.581  INFO 38790 --- [localhost-startStop-1] o.a.c.c.C.[Tomcat].[localhost].[/]       : Initializing Spring embedded WebApplicationContext
2017-11-27 08:20:46.582  INFO 38790 --- [localhost-startStop-1] o.s.web.context.ContextLoader            : Root WebApplicationContext: initialization completed in 1529 ms
2017-11-27 08:20:47.149  INFO 38790 --- [localhost-startStop-1] o.s.b.w.servlet.FilterRegistrationBean   : Mapping filter: 'metricsFilter' to: [/*]
2017-11-27 08:20:47.150  INFO 38790 --- [localhost-startStop-1] o.s.b.w.servlet.FilterRegistrationBean   : Mapping filter: 'characterEncodingFilter' to: [/*]
2017-11-27 08:20:47.150  INFO 38790 --- [localhost-startStop-1] o.s.b.w.servlet.FilterRegistrationBean   : Mapping filter: 'hiddenHttpMethodFilter' to: [/*]
2017-11-27 08:20:47.151  INFO 38790 --- [localhost-startStop-1] o.s.b.w.servlet.FilterRegistrationBean   : Mapping filter: 'httpPutFormContentFilter' to: [/*]
2017-11-27 08:20:47.151  INFO 38790 --- [localhost-startStop-1] o.s.b.w.servlet.FilterRegistrationBean   : Mapping filter: 'requestContextFilter' to: [/*]
2017-11-27 08:20:47.151  INFO 38790 --- [localhost-startStop-1] o.s.b.w.servlet.FilterRegistrationBean   : Mapping filter: 'webRequestTraceFilter' to: [/*]
2017-11-27 08:20:47.151  INFO 38790 --- [localhost-startStop-1] o.s.b.w.servlet.FilterRegistrationBean   : Mapping filter: 'servletContainer' to urls: [/eureka/*]
2017-11-27 08:20:47.151  INFO 38790 --- [localhost-startStop-1] o.s.b.w.servlet.FilterRegistrationBean   : Mapping filter: 'applicationContextIdFilter' to: [/*]
2017-11-27 08:20:47.152  INFO 38790 --- [localhost-startStop-1] o.s.b.w.servlet.ServletRegistrationBean  : Mapping servlet: 'dispatcherServlet' to [/]
2017-11-27 08:20:47.265  INFO 38790 --- [localhost-startStop-1] c.s.j.s.i.a.WebApplicationImpl           : Initiating Jersey application, version 'Jersey: 1.19.1 03/11/2016 02:08 PM'
2017-11-27 08:20:47.366  INFO 38790 --- [localhost-startStop-1] c.n.d.provider.DiscoveryJerseyProvider   : Using JSON encoding codec LegacyJacksonJson
2017-11-27 08:20:47.368  INFO 38790 --- [localhost-startStop-1] c.n.d.provider.DiscoveryJerseyProvider   : Using JSON decoding codec LegacyJacksonJson
2017-11-27 08:20:47.682  INFO 38790 --- [localhost-startStop-1] c.n.d.provider.DiscoveryJerseyProvider   : Using XML encoding codec XStreamXml
2017-11-27 08:20:47.682  INFO 38790 --- [localhost-startStop-1] c.n.d.provider.DiscoveryJerseyProvider   : Using XML decoding codec XStreamXml
2017-11-27 08:20:48.160  WARN 38790 --- [main] o.s.c.n.a.ArchaiusAutoConfiguration      : No spring.application.name found, defaulting to 'application'
2017-11-27 08:20:48.165  WARN 38790 --- [main] c.n.c.sources.URLConfigurationSource     : No URLs will be polled as dynamic configuration sources.
2017-11-27 08:20:48.165  INFO 38790 --- [main] c.n.c.sources.URLConfigurationSource     : To enable URLs as dynamic configuration sources, define System property archaius.configurationSource.additionalUrls or make config.properties available on classpath.
2017-11-27 08:20:48.172  WARN 38790 --- [main] c.n.c.sources.URLConfigurationSource     : No URLs will be polled as dynamic configuration sources.
2017-11-27 08:20:48.172  INFO 38790 --- [main] c.n.c.sources.URLConfigurationSource     : To enable URLs as dynamic configuration sources, define System property archaius.configurationSource.additionalUrls or make config.properties available on classpath.
2017-11-27 08:20:48.387  INFO 38790 --- [main] s.w.s.m.m.a.RequestMappingHandlerAdapter : Looking for @ControllerAdvice: org.springframework.boot.context.embedded.AnnotationConfigEmbeddedWebApplicationContext@56aaaecd: startup date [Mon Nov 27 08:20:45 CST 2017]; parent: org.springframework.context.annotation.AnnotationConfigApplicationContext@619713e5
2017-11-27 08:20:48.500  INFO 38790 --- [main] s.w.s.m.m.a.RequestMappingHandlerMapping : Mapped "{[/error]}" onto public org.springframework.http.ResponseEntity<java.util.Map<java.lang.String, java.lang.Object>> org.springframework.boot.autoconfigure.web.BasicErrorController.error(javax.servlet.http.HttpServletRequest)
2017-11-27 08:20:48.501  INFO 38790 --- [main] s.w.s.m.m.a.RequestMappingHandlerMapping : Mapped "{[/error],produces=[text/html]}" onto public org.springframework.web.servlet.ModelAndView org.springframework.boot.autoconfigure.web.BasicErrorController.errorHtml(javax.servlet.http.HttpServletRequest,javax.servlet.http.HttpServletResponse)
2017-11-27 08:20:48.505  INFO 38790 --- [main] s.w.s.m.m.a.RequestMappingHandlerMapping : Mapped "{[/],methods=[GET]}" onto public java.lang.String org.springframework.cloud.netflix.eureka.server.EurekaController.status(javax.servlet.http.HttpServletRequest,java.util.Map<java.lang.String, java.lang.Object>)
2017-11-27 08:20:48.506  INFO 38790 --- [main] s.w.s.m.m.a.RequestMappingHandlerMapping : Mapped "{[/lastn],methods=[GET]}" onto public java.lang.String org.springframework.cloud.netflix.eureka.server.EurekaController.lastn(javax.servlet.http.HttpServletRequest,java.util.Map<java.lang.String, java.lang.Object>)
2017-11-27 08:20:48.543  INFO 38790 --- [main] o.s.w.s.handler.SimpleUrlHandlerMapping  : Mapped URL path [/webjars/**] onto handler of type [class org.springframework.web.servlet.resource.ResourceHttpRequestHandler]
2017-11-27 08:20:48.544  INFO 38790 --- [main] o.s.w.s.handler.SimpleUrlHandlerMapping  : Mapped URL path [/**] onto handler of type [class org.springframework.web.servlet.resource.ResourceHttpRequestHandler]
2017-11-27 08:20:48.581  INFO 38790 --- [main] o.s.w.s.handler.SimpleUrlHandlerMapping  : Mapped URL path [/**/favicon.ico] onto handler of type [class org.springframework.web.servlet.resource.ResourceHttpRequestHandler]
2017-11-27 08:20:49.072  INFO 38790 --- [main] o.s.b.a.e.mvc.EndpointHandlerMapping     : Mapped "{[/dump || /dump.json],methods=[GET],produces=[application/vnd.spring-boot.actuator.v1+json || application/json]}" onto public java.lang.Object org.springframework.boot.actuate.endpoint.mvc.EndpointMvcAdapter.invoke()
2017-11-27 08:20:49.073  INFO 38790 --- [main] o.s.b.a.e.mvc.EndpointHandlerMapping     : Mapped "{[/logfile || /logfile.json],methods=[GET || HEAD]}" onto public void org.springframework.boot.actuate.endpoint.mvc.LogFileMvcEndpoint.invoke(javax.servlet.http.HttpServletRequest,javax.servlet.http.HttpServletResponse) throws javax.servlet.ServletException,java.io.IOException
2017-11-27 08:20:49.074  INFO 38790 --- [main] o.s.b.a.e.mvc.EndpointHandlerMapping     : Mapped "{[/heapdump || /heapdump.json],methods=[GET],produces=[application/octet-stream]}" onto public void org.springframework.boot.actuate.endpoint.mvc.HeapdumpMvcEndpoint.invoke(boolean,javax.servlet.http.HttpServletRequest,javax.servlet.http.HttpServletResponse) throws java.io.IOException,javax.servlet.ServletException
2017-11-27 08:20:49.075  INFO 38790 --- [main] o.s.b.a.e.mvc.EndpointHandlerMapping     : Mapped "{[/metrics/{name:.*}],methods=[GET],produces=[application/vnd.spring-boot.actuator.v1+json || application/json]}" onto public java.lang.Object org.springframework.boot.actuate.endpoint.mvc.MetricsMvcEndpoint.value(java.lang.String)
2017-11-27 08:20:49.075  INFO 38790 --- [main] o.s.b.a.e.mvc.EndpointHandlerMapping     : Mapped "{[/metrics || /metrics.json],methods=[GET],produces=[application/vnd.spring-boot.actuator.v1+json || application/json]}" onto public java.lang.Object org.springframework.boot.actuate.endpoint.mvc.EndpointMvcAdapter.invoke()
2017-11-27 08:20:49.076  INFO 38790 --- [main] o.s.b.a.e.mvc.EndpointHandlerMapping     : Mapped "{[/refresh || /refresh.json],methods=[POST]}" onto public java.lang.Object org.springframework.cloud.endpoint.GenericPostableMvcEndpoint.invoke()
2017-11-27 08:20:49.076  INFO 38790 --- [main] o.s.b.a.e.mvc.EndpointHandlerMapping     : Mapped "{[/archaius || /archaius.json],methods=[GET],produces=[application/vnd.spring-boot.actuator.v1+json || application/json]}" onto public java.lang.Object org.springframework.boot.actuate.endpoint.mvc.EndpointMvcAdapter.invoke()
2017-11-27 08:20:49.077  INFO 38790 --- [main] o.s.b.a.e.mvc.EndpointHandlerMapping     : Mapped "{[/info || /info.json],methods=[GET],produces=[application/vnd.spring-boot.actuator.v1+json || application/json]}" onto public java.lang.Object org.springframework.boot.actuate.endpoint.mvc.EndpointMvcAdapter.invoke()
2017-11-27 08:20:49.078  INFO 38790 --- [main] o.s.b.a.e.mvc.EndpointHandlerMapping     : Mapped "{[/auditevents || /auditevents.json],methods=[GET],produces=[application/vnd.spring-boot.actuator.v1+json || application/json]}" onto public org.springframework.http.ResponseEntity<?> org.springframework.boot.actuate.endpoint.mvc.AuditEventsMvcEndpoint.findByPrincipalAndAfterAndType(java.lang.String,java.util.Date,java.lang.String)
2017-11-27 08:20:49.078  INFO 38790 --- [main] o.s.b.a.e.mvc.EndpointHandlerMapping     : Mapped "{[/service-registry/instance-status],methods=[GET]}" onto public org.springframework.http.ResponseEntity org.springframework.cloud.client.serviceregistry.endpoint.ServiceRegistryEndpoint.getStatus()
2017-11-27 08:20:49.078  INFO 38790 --- [main] o.s.b.a.e.mvc.EndpointHandlerMapping     : Mapped "{[/service-registry/instance-status],methods=[POST]}" onto public org.springframework.http.ResponseEntity<?> org.springframework.cloud.client.serviceregistry.endpoint.ServiceRegistryEndpoint.setStatus(java.lang.String)
2017-11-27 08:20:49.079  INFO 38790 --- [main] o.s.b.a.e.mvc.EndpointHandlerMapping     : Mapped "{[/pause || /pause.json],methods=[POST]}" onto public java.lang.Object org.springframework.cloud.endpoint.GenericPostableMvcEndpoint.invoke()
2017-11-27 08:20:49.081  INFO 38790 --- [main] o.s.b.a.e.mvc.EndpointHandlerMapping     : Mapped "{[/mappings || /mappings.json],methods=[GET],produces=[application/vnd.spring-boot.actuator.v1+json || application/json]}" onto public java.lang.Object org.springframework.boot.actuate.endpoint.mvc.EndpointMvcAdapter.invoke()
2017-11-27 08:20:49.082  INFO 38790 --- [main] o.s.b.a.e.mvc.EndpointHandlerMapping     : Mapped "{[/env],methods=[POST]}" onto public java.lang.Object org.springframework.cloud.context.environment.EnvironmentManagerMvcEndpoint.value(java.util.Map<java.lang.String, java.lang.String>)
2017-11-27 08:20:49.083  INFO 38790 --- [main] o.s.b.a.e.mvc.EndpointHandlerMapping     : Mapped "{[/env/reset],methods=[POST]}" onto public java.util.Map<java.lang.String, java.lang.Object> org.springframework.cloud.context.environment.EnvironmentManagerMvcEndpoint.reset()
2017-11-27 08:20:49.084  INFO 38790 --- [main] o.s.b.a.e.mvc.EndpointHandlerMapping     : Mapped "{[/loggers/{name:.*}],methods=[GET],produces=[application/vnd.spring-boot.actuator.v1+json || application/json]}" onto public java.lang.Object org.springframework.boot.actuate.endpoint.mvc.LoggersMvcEndpoint.get(java.lang.String)
2017-11-27 08:20:49.085  INFO 38790 --- [main] o.s.b.a.e.mvc.EndpointHandlerMapping     : Mapped "{[/loggers/{name:.*}],methods=[POST],consumes=[application/vnd.spring-boot.actuator.v1+json || application/json],produces=[application/vnd.spring-boot.actuator.v1+json || application/json]}" onto public java.lang.Object org.springframework.boot.actuate.endpoint.mvc.LoggersMvcEndpoint.set(java.lang.String,java.util.Map<java.lang.String, java.lang.String>)
2017-11-27 08:20:49.085  INFO 38790 --- [main] o.s.b.a.e.mvc.EndpointHandlerMapping     : Mapped "{[/loggers || /loggers.json],methods=[GET],produces=[application/vnd.spring-boot.actuator.v1+json || application/json]}" onto public java.lang.Object org.springframework.boot.actuate.endpoint.mvc.EndpointMvcAdapter.invoke()
2017-11-27 08:20:49.086  INFO 38790 --- [main] o.s.b.a.e.mvc.EndpointHandlerMapping     : Mapped "{[/health || /health.json],methods=[GET],produces=[application/vnd.spring-boot.actuator.v1+json || application/json]}" onto public java.lang.Object org.springframework.boot.actuate.endpoint.mvc.HealthMvcEndpoint.invoke(javax.servlet.http.HttpServletRequest,java.security.Principal)
2017-11-27 08:20:49.086  INFO 38790 --- [main] o.s.b.a.e.mvc.EndpointHandlerMapping     : Mapped "{[/configprops || /configprops.json],methods=[GET],produces=[application/vnd.spring-boot.actuator.v1+json || application/json]}" onto public java.lang.Object org.springframework.boot.actuate.endpoint.mvc.EndpointMvcAdapter.invoke()
2017-11-27 08:20:49.087  INFO 38790 --- [main] o.s.b.a.e.mvc.EndpointHandlerMapping     : Mapped "{[/restart || /restart.json],methods=[POST]}" onto public java.lang.Object org.springframework.cloud.context.restart.RestartMvcEndpoint.invoke()
2017-11-27 08:20:49.087  INFO 38790 --- [main] o.s.b.a.e.mvc.EndpointHandlerMapping     : Mapped "{[/resume || /resume.json],methods=[POST]}" onto public java.lang.Object org.springframework.cloud.endpoint.GenericPostableMvcEndpoint.invoke()
2017-11-27 08:20:49.088  INFO 38790 --- [main] o.s.b.a.e.mvc.EndpointHandlerMapping     : Mapped "{[/trace || /trace.json],methods=[GET],produces=[application/vnd.spring-boot.actuator.v1+json || application/json]}" onto public java.lang.Object org.springframework.boot.actuate.endpoint.mvc.EndpointMvcAdapter.invoke()
2017-11-27 08:20:49.089  INFO 38790 --- [main] o.s.b.a.e.mvc.EndpointHandlerMapping     : Mapped "{[/features || /features.json],methods=[GET],produces=[application/vnd.spring-boot.actuator.v1+json || application/json]}" onto public java.lang.Object org.springframework.boot.actuate.endpoint.mvc.EndpointMvcAdapter.invoke()
2017-11-27 08:20:49.089  INFO 38790 --- [main] o.s.b.a.e.mvc.EndpointHandlerMapping     : Mapped "{[/beans || /beans.json],methods=[GET],produces=[application/vnd.spring-boot.actuator.v1+json || application/json]}" onto public java.lang.Object org.springframework.boot.actuate.endpoint.mvc.EndpointMvcAdapter.invoke()
2017-11-27 08:20:49.090  INFO 38790 --- [main] o.s.b.a.e.mvc.EndpointHandlerMapping     : Mapped "{[/env/{name:.*}],methods=[GET],produces=[application/vnd.spring-boot.actuator.v1+json || application/json]}" onto public java.lang.Object org.springframework.boot.actuate.endpoint.mvc.EnvironmentMvcEndpoint.value(java.lang.String)
2017-11-27 08:20:49.090  INFO 38790 --- [main] o.s.b.a.e.mvc.EndpointHandlerMapping     : Mapped "{[/env || /env.json],methods=[GET],produces=[application/vnd.spring-boot.actuator.v1+json || application/json]}" onto public java.lang.Object org.springframework.boot.actuate.endpoint.mvc.EndpointMvcAdapter.invoke()
2017-11-27 08:20:49.090  INFO 38790 --- [main] o.s.b.a.e.mvc.EndpointHandlerMapping     : Mapped "{[/autoconfig || /autoconfig.json],methods=[GET],produces=[application/vnd.spring-boot.actuator.v1+json || application/json]}" onto public java.lang.Object org.springframework.boot.actuate.endpoint.mvc.EndpointMvcAdapter.invoke()
2017-11-27 08:20:49.213  INFO 38790 --- [main] o.s.ui.freemarker.SpringTemplateLoader   : SpringTemplateLoader for FreeMarker: using resource loader [org.springframework.boot.context.embedded.AnnotationConfigEmbeddedWebApplicationContext@56aaaecd: startup date [Mon Nov 27 08:20:45 CST 2017]; parent: org.springframework.context.annotation.AnnotationConfigApplicationContext@619713e5] and template loader path [classpath:/templates/]
2017-11-27 08:20:49.214  INFO 38790 --- [main] o.s.w.s.v.f.FreeMarkerConfigurer         : ClassTemplateLoader for Spring macros added to FreeMarker configuration
2017-11-27 08:20:49.335  INFO 38790 --- [main] o.s.c.n.eureka.InstanceInfoFactory       : Setting initial instance status as: STARTING
2017-11-27 08:20:49.389  INFO 38790 --- [main] com.netflix.discovery.DiscoveryClient    : Initializing Eureka in region us-east-1
2017-11-27 08:20:49.389  INFO 38790 --- [main] com.netflix.discovery.DiscoveryClient    : Client configured to neither register nor query for data.
2017-11-27 08:20:49.405  INFO 38790 --- [main] com.netflix.discovery.DiscoveryClient    : Discovery Client initialized at timestamp 1511742049405 with initial instances count: 0
2017-11-27 08:20:49.485  INFO 38790 --- [main] c.n.eureka.DefaultEurekaServerContext    : Initializing ...
2017-11-27 08:20:49.488  INFO 38790 --- [main] c.n.eureka.cluster.PeerEurekaNodes       : Adding new peer nodes [http://localhost:8000/eureka/]
2017-11-27 08:20:49.723  INFO 38790 --- [main] c.n.d.provider.DiscoveryJerseyProvider   : Using JSON encoding codec LegacyJacksonJson
2017-11-27 08:20:49.723  INFO 38790 --- [main] c.n.d.provider.DiscoveryJerseyProvider   : Using JSON decoding codec LegacyJacksonJson
2017-11-27 08:20:49.723  INFO 38790 --- [main] c.n.d.provider.DiscoveryJerseyProvider   : Using XML encoding codec XStreamXml
2017-11-27 08:20:49.723  INFO 38790 --- [main] c.n.d.provider.DiscoveryJerseyProvider   : Using XML decoding codec XStreamXml
2017-11-27 08:20:49.849  INFO 38790 --- [main] c.n.eureka.cluster.PeerEurekaNodes       : Replica node URL:  http://localhost:8000/eureka/
2017-11-27 08:20:49.857  INFO 38790 --- [main] c.n.e.registry.AbstractInstanceRegistry  : Finished initializing remote region registries. All known remote regions: []
2017-11-27 08:20:49.858  INFO 38790 --- [main] c.n.eureka.DefaultEurekaServerContext    : Initialized
2017-11-27 08:20:49.933  INFO 38790 --- [main] o.s.j.e.a.AnnotationMBeanExporter        : Registering beans for JMX exposure on startup
2017-11-27 08:20:49.941  INFO 38790 --- [main] o.s.j.e.a.AnnotationMBeanExporter        : Bean with name 'environmentManager' has been autodetected for JMX exposure
2017-11-27 08:20:49.942  INFO 38790 --- [main] o.s.j.e.a.AnnotationMBeanExporter        : Bean with name 'configurationPropertiesRebinder' has been autodetected for JMX exposure
2017-11-27 08:20:49.943  INFO 38790 --- [main] o.s.j.e.a.AnnotationMBeanExporter        : Bean with name 'refreshEndpoint' has been autodetected for JMX exposure
2017-11-27 08:20:49.943  INFO 38790 --- [main] o.s.j.e.a.AnnotationMBeanExporter        : Bean with name 'restartEndpoint' has been autodetected for JMX exposure
2017-11-27 08:20:49.944  INFO 38790 --- [main] o.s.j.e.a.AnnotationMBeanExporter        : Bean with name 'serviceRegistryEndpoint' has been autodetected for JMX exposure
2017-11-27 08:20:49.945  INFO 38790 --- [main] o.s.j.e.a.AnnotationMBeanExporter        : Bean with name 'refreshScope' has been autodetected for JMX exposure
2017-11-27 08:20:49.948  INFO 38790 --- [main] o.s.j.e.a.AnnotationMBeanExporter        : Located managed bean 'environmentManager': registering with JMX server as MBean [org.springframework.cloud.context.environment:name=environmentManager,type=EnvironmentManager]
2017-11-27 08:20:49.961  INFO 38790 --- [main] o.s.j.e.a.AnnotationMBeanExporter        : Located managed bean 'restartEndpoint': registering with JMX server as MBean [org.springframework.cloud.context.restart:name=restartEndpoint,type=RestartEndpoint]
2017-11-27 08:20:49.969  INFO 38790 --- [main] o.s.j.e.a.AnnotationMBeanExporter        : Located managed bean 'serviceRegistryEndpoint': registering with JMX server as MBean [org.springframework.cloud.client.serviceregistry.endpoint:name=serviceRegistryEndpoint,type=ServiceRegistryEndpoint]
2017-11-27 08:20:49.976  INFO 38790 --- [main] o.s.j.e.a.AnnotationMBeanExporter        : Located managed bean 'refreshScope': registering with JMX server as MBean [org.springframework.cloud.context.scope.refresh:name=refreshScope,type=RefreshScope]
2017-11-27 08:20:49.982  INFO 38790 --- [main] o.s.j.e.a.AnnotationMBeanExporter        : Located managed bean 'configurationPropertiesRebinder': registering with JMX server as MBean [org.springframework.cloud.context.properties:name=configurationPropertiesRebinder,context=56aaaecd,type=ConfigurationPropertiesRebinder]
2017-11-27 08:20:49.986  INFO 38790 --- [main] o.s.j.e.a.AnnotationMBeanExporter        : Located managed bean 'refreshEndpoint': registering with JMX server as MBean [org.springframework.cloud.endpoint:name=refreshEndpoint,type=RefreshEndpoint]
2017-11-27 08:20:50.152  INFO 38790 --- [main] o.s.c.support.DefaultLifecycleProcessor  : Starting beans in phase 0
2017-11-27 08:20:50.153  INFO 38790 --- [main] o.s.c.n.e.s.EurekaServiceRegistry        : Registering application unknown with eureka with status UP
2017-11-27 08:20:50.190  INFO 38790 --- [Thread-11] o.s.c.n.e.server.EurekaServerBootstrap   : Setting the eureka configuration..
2017-11-27 08:20:50.191  INFO 38790 --- [Thread-11] o.s.c.n.e.server.EurekaServerBootstrap   : Eureka data center value eureka.datacenter is not set, defaulting to default
2017-11-27 08:20:50.191  INFO 38790 --- [Thread-11] o.s.c.n.e.server.EurekaServerBootstrap   : Eureka environment value eureka.environment is not set, defaulting to test
2017-11-27 08:20:50.211  INFO 38790 --- [Thread-11] o.s.c.n.e.server.EurekaServerBootstrap   : isAws returned false
2017-11-27 08:20:50.212  INFO 38790 --- [Thread-11] o.s.c.n.e.server.EurekaServerBootstrap   : Initialized server context
2017-11-27 08:20:50.212  INFO 38790 --- [Thread-11] c.n.e.r.PeerAwareInstanceRegistryImpl    : Got 1 instances from neighboring DS node
2017-11-27 08:20:50.212  INFO 38790 --- [Thread-11] c.n.e.r.PeerAwareInstanceRegistryImpl    : Renew threshold is: 1
2017-11-27 08:20:50.212  INFO 38790 --- [Thread-11] c.n.e.r.PeerAwareInstanceRegistryImpl    : Changing status to UP
2017-11-27 08:20:50.218  INFO 38790 --- [Thread-11] e.s.EurekaServerInitializerConfiguration : Started Eureka Server
2017-11-27 08:20:50.280  INFO 38790 --- [main] s.b.c.e.t.TomcatEmbeddedServletContainer : Tomcat started on port(s): 8000 (http)
2017-11-27 08:20:50.282  INFO 38790 --- [main] .s.c.n.e.s.EurekaAutoServiceRegistration : Updating port to 8000
2017-11-27 08:20:50.286  INFO 38790 --- [main] com.hengaiw.PayServer                    : Started PayServer in 6.764 seconds (JVM running for 7.227)
2017-11-27 08:21:12.771  INFO 38790 --- [http-nio-8000-exec-1] o.a.c.c.C.[Tomcat].[localhost].[/]       : Initializing Spring FrameworkServlet 'dispatcherServlet'
2017-11-27 08:21:12.771  INFO 38790 --- [http-nio-8000-exec-1] o.s.web.servlet.DispatcherServlet        : FrameworkServlet 'dispatcherServlet': initialization started
2017-11-27 08:21:12.799  INFO 38790 --- [http-nio-8000-exec-1] o.s.web.servlet.DispatcherServlet        : FrameworkServlet 'dispatcherServlet': initialization completed in 28 ms
2017-11-27 08:21:13.206  INFO 38790 --- [http-nio-8000-exec-2] c.n.e.registry.AbstractInstanceRegistry  : Registered instance HAPAYCONFIG/192.168.1.100:HaPayConfig:8001 with status UP (replication=false)
2017-11-27 08:21:13.860  INFO 38790 --- [http-nio-8000-exec-3] c.n.e.registry.AbstractInstanceRegistry  : Registered instance HAPAYCONFIG/192.168.1.100:HaPayConfig:8001 with status UP (replication=true)
2017-11-27 08:21:50.214  INFO 38790 --- [Eureka-EvictionTimer] c.n.e.registry.AbstractInstanceRegistry  : Running the evict task with compensationTime 0ms
2017-11-27 08:21:54.652  INFO 38790 --- [http-nio-8000-exec-7] c.n.e.registry.AbstractInstanceRegistry  : Registered instance HAPAYALIPAYSERVICE/192.168.1.100:HaPayAlipayService:8007 with status UP (replication=false)
2017-11-27 08:21:55.170  INFO 38790 --- [http-nio-8000-exec-8] c.n.e.registry.AbstractInstanceRegistry  : Registered instance HAPAYALIPAYSERVICE/192.168.1.100:HaPayAlipayService:8007 with status UP (replication=true)
2017-11-27 08:22:50.215  INFO 38790 --- [Eureka-EvictionTimer] c.n.e.registry.AbstractInstanceRegistry  : Running the evict task with compensationTime 3ms
2017-11-27 08:23:50.217  INFO 38790 --- [Eureka-EvictionTimer] c.n.e.registry.AbstractInstanceRegistry  : Running the evict task with compensationTime 4ms
2017-11-27 08:24:50.217  INFO 38790 --- [Eureka-EvictionTimer] c.n.e.registry.AbstractInstanceRegistry  : Running the evict task with compensationTime 2ms
2017-11-27 08:25:50.218  INFO 38790 --- [Eureka-EvictionTimer] c.n.e.registry.AbstractInstanceRegistry  : Running the evict task with compensationTime 2ms
2017-11-27 08:26:50.220  INFO 38790 --- [Eureka-EvictionTimer] c.n.e.registry.AbstractInstanceRegistry  : Running the evict task with compensationTime 4ms
2017-11-27 08:27:50.221  INFO 38790 --- [Eureka-EvictionTimer] c.n.e.registry.AbstractInstanceRegistry  : Running the evict task with compensationTime 3ms
2017-11-27 08:28:50.223  INFO 38790 --- [Eureka-EvictionTimer] c.n.e.registry.AbstractInstanceRegistry  : Running the evict task with compensationTime 3ms
2017-11-27 08:29:50.223  INFO 38790 --- [Eureka-EvictionTimer] c.n.e.registry.AbstractInstanceRegistry  : Running the evict task with compensationTime 2ms
2017-11-27 08:30:50.226  INFO 38790 --- [Eureka-EvictionTimer] c.n.e.registry.AbstractInstanceRegistry  : Running the evict task with compensationTime 5ms
2017-11-27 08:31:50.226  INFO 38790 --- [Eureka-EvictionTimer] c.n.e.registry.AbstractInstanceRegistry  : Running the evict task with compensationTime 1ms
2017-11-27 08:32:50.227  INFO 38790 --- [Eureka-EvictionTimer] c.n.e.registry.AbstractInstanceRegistry  : Running the evict task with compensationTime 3ms
2017-11-27 08:33:50.227  INFO 38790 --- [Eureka-EvictionTimer] c.n.e.registry.AbstractInstanceRegistry  : Running the evict task with compensationTime 2ms
2017-11-27 08:34:50.228  INFO 38790 --- [Eureka-EvictionTimer] c.n.e.registry.AbstractInstanceRegistry  : Running the evict task with compensationTime 3ms
2017-11-27 08:35:49.877  INFO 38790 --- [ReplicaAwareInstanceRegistry - RenewalThresholdUpdater] c.n.e.r.PeerAwareInstanceRegistryImpl    : Current renewal threshold is : 0
2017-11-27 08:35:50.229  INFO 38790 --- [Eureka-EvictionTimer] c.n.e.registry.AbstractInstanceRegistry  : Running the evict task with compensationTime 2ms
2017-11-27 08:36:50.231  INFO 38790 --- [Eureka-EvictionTimer] c.n.e.registry.AbstractInstanceRegistry  : Running the evict task with compensationTime 4ms
2017-11-27 08:37:50.231  INFO 38790 --- [Eureka-EvictionTimer] c.n.e.registry.AbstractInstanceRegistry  : Running the evict task with compensationTime 2ms
2017-11-27 08:38:50.231  INFO 38790 --- [Eureka-EvictionTimer] c.n.e.registry.AbstractInstanceRegistry  : Running the evict task with compensationTime 2ms
2017-11-27 08:39:50.234  INFO 38790 --- [Eureka-EvictionTimer] c.n.e.registry.AbstractInstanceRegistry  : Running the evict task with compensationTime 4ms
2017-11-27 08:40:50.234  INFO 38790 --- [Eureka-EvictionTimer] c.n.e.registry.AbstractInstanceRegistry  : Running the evict task with compensationTime 2ms
2017-11-27 08:41:50.237  INFO 38790 --- [Eureka-EvictionTimer] c.n.e.registry.AbstractInstanceRegistry  : Running the evict task with compensationTime 4ms
2017-11-27 08:42:50.239  INFO 38790 --- [Eureka-EvictionTimer] c.n.e.registry.AbstractInstanceRegistry  : Running the evict task with compensationTime 4ms
2017-11-27 08:43:50.240  INFO 38790 --- [Eureka-EvictionTimer] c.n.e.registry.AbstractInstanceRegistry  : Running the evict task with compensationTime 2ms
2017-11-27 08:44:50.240  INFO 38790 --- [Eureka-EvictionTimer] c.n.e.registry.AbstractInstanceRegistry  : Running the evict task with compensationTime 2ms
2017-11-27 08:45:50.242  INFO 38790 --- [Eureka-EvictionTimer] c.n.e.registry.AbstractInstanceRegistry  : Running the evict task with compensationTime 4ms
2017-11-27 08:46:50.242  INFO 38790 --- [Eureka-EvictionTimer] c.n.e.registry.AbstractInstanceRegistry  : Running the evict task with compensationTime 2ms
2017-11-27 08:47:50.242  INFO 38790 --- [Eureka-EvictionTimer] c.n.e.registry.AbstractInstanceRegistry  : Running the evict task with compensationTime 1ms
2017-11-27 08:48:50.243  INFO 38790 --- [Eureka-EvictionTimer] c.n.e.registry.AbstractInstanceRegistry  : Running the evict task with compensationTime 3ms
2017-11-27 08:49:50.245  INFO 38790 --- [Eureka-EvictionTimer] c.n.e.registry.AbstractInstanceRegistry  : Running the evict task with compensationTime 3ms
2017-11-27 08:50:49.866  INFO 38790 --- [ReplicaAwareInstanceRegistry - RenewalThresholdUpdater] c.n.e.r.PeerAwareInstanceRegistryImpl    : Current renewal threshold is : 0
2017-11-27 08:50:50.247  INFO 38790 --- [Eureka-EvictionTimer] c.n.e.registry.AbstractInstanceRegistry  : Running the evict task with compensationTime 4ms
2017-11-27 08:51:50.248  INFO 38790 --- [Eureka-EvictionTimer] c.n.e.registry.AbstractInstanceRegistry  : Running the evict task with compensationTime 3ms
2017-11-27 08:52:50.249  INFO 38790 --- [Eureka-EvictionTimer] c.n.e.registry.AbstractInstanceRegistry  : Running the evict task with compensationTime 3ms
2017-11-27 08:53:50.250  INFO 38790 --- [Eureka-EvictionTimer] c.n.e.registry.AbstractInstanceRegistry  : Running the evict task with compensationTime 3ms
2017-11-27 08:54:50.253  INFO 38790 --- [Eureka-EvictionTimer] c.n.e.registry.AbstractInstanceRegistry  : Running the evict task with compensationTime 4ms
2017-11-27 08:55:50.255  INFO 38790 --- [Eureka-EvictionTimer] c.n.e.registry.AbstractInstanceRegistry  : Running the evict task with compensationTime 4ms
2017-11-27 08:56:50.257  INFO 38790 --- [Eureka-EvictionTimer] c.n.e.registry.AbstractInstanceRegistry  : Running the evict task with compensationTime 4ms
2017-11-27 08:57:50.259  INFO 38790 --- [Eureka-EvictionTimer] c.n.e.registry.AbstractInstanceRegistry  : Running the evict task with compensationTime 4ms
2017-11-27 08:58:50.259  INFO 38790 --- [Eureka-EvictionTimer] c.n.e.registry.AbstractInstanceRegistry  : Running the evict task with compensationTime 1ms
2017-11-27 08:59:50.261  INFO 38790 --- [Eureka-EvictionTimer] c.n.e.registry.AbstractInstanceRegistry  : Running the evict task with compensationTime 4ms
2017-11-27 09:00:50.263  INFO 38790 --- [Eureka-EvictionTimer] c.n.e.registry.AbstractInstanceRegistry  : Running the evict task with compensationTime 4ms
2017-11-27 09:01:50.264  INFO 38790 --- [Eureka-EvictionTimer] c.n.e.registry.AbstractInstanceRegistry  : Running the evict task with compensationTime 2ms
2017-11-27 09:02:50.265  INFO 38790 --- [Eureka-EvictionTimer] c.n.e.registry.AbstractInstanceRegistry  : Running the evict task with compensationTime 2ms
2017-11-27 09:03:50.266  INFO 38790 --- [Eureka-EvictionTimer] c.n.e.registry.AbstractInstanceRegistry  : Running the evict task with compensationTime 3ms
2017-11-27 09:04:50.269  INFO 38790 --- [Eureka-EvictionTimer] c.n.e.registry.AbstractInstanceRegistry  : Running the evict task with compensationTime 4ms
2017-11-27 09:05:49.866  INFO 38790 --- [ReplicaAwareInstanceRegistry - RenewalThresholdUpdater] c.n.e.r.PeerAwareInstanceRegistryImpl    : Current renewal threshold is : 0
2017-11-27 09:05:50.271  INFO 38790 --- [Eureka-EvictionTimer] c.n.e.registry.AbstractInstanceRegistry  : Running the evict task with compensationTime 4ms
2017-11-27 09:06:19.484  INFO 38790 --- [http-nio-8000-exec-7] c.n.e.registry.AbstractInstanceRegistry  : Registered instance HAPAYALIPAYSERVICE/192.168.1.100:HaPayAlipayService:8007 with status DOWN (replication=false)
2017-11-27 09:06:19.616  INFO 38790 --- [http-nio-8000-exec-8] c.n.e.registry.AbstractInstanceRegistry  : Cancelled instance HAPAYALIPAYSERVICE/192.168.1.100:HaPayAlipayService:8007 (replication=false)
2017-11-27 09:06:20.005  INFO 38790 --- [http-nio-8000-exec-10] c.n.e.registry.AbstractInstanceRegistry  : Registered instance HAPAYALIPAYSERVICE/192.168.1.100:HaPayAlipayService:8007 with status DOWN (replication=true)
2017-11-27 09:06:20.009  INFO 38790 --- [http-nio-8000-exec-10] c.n.e.registry.AbstractInstanceRegistry  : Cancelled instance HAPAYALIPAYSERVICE/192.168.1.100:HaPayAlipayService:8007 (replication=true)
2017-11-27 09:06:21.473  INFO 38790 --- [Thread-13] ationConfigEmbeddedWebApplicationContext : Closing org.springframework.boot.context.embedded.AnnotationConfigEmbeddedWebApplicationContext@56aaaecd: startup date [Mon Nov 27 08:20:45 CST 2017]; parent: org.springframework.context.annotation.AnnotationConfigApplicationContext@619713e5
2017-11-27 09:06:21.493  INFO 38790 --- [Thread-13] o.s.c.n.e.s.EurekaServiceRegistry        : Unregistering application unknown with eureka with status DOWN
2017-11-27 09:06:21.508  INFO 38790 --- [Thread-13] com.netflix.discovery.DiscoveryClient    : Shutting down DiscoveryClient ...
2017-11-27 09:06:21.512  INFO 38790 --- [Thread-13] com.netflix.discovery.DiscoveryClient    : Completed shut down of DiscoveryClient
2017-11-27 09:06:21.658  INFO 38790 --- [Thread-13] o.s.c.support.DefaultLifecycleProcessor  : Stopping beans in phase 0
2017-11-27 09:06:21.680  INFO 38790 --- [Thread-13] c.n.eureka.DefaultEurekaServerContext    : Shutting down ...
2017-11-27 09:06:21.766  INFO 38790 --- [Thread-13] c.n.eureka.DefaultEurekaServerContext    : Shut down
2017-11-27 09:06:21.795  INFO 38790 --- [Thread-13] o.s.j.e.a.AnnotationMBeanExporter        : Unregistering JMX-exposed beans on shutdown
2017-11-27 09:06:21.796  INFO 38790 --- [Thread-13] o.s.j.e.a.AnnotationMBeanExporter        : Unregistering JMX-exposed beans
2017-11-27 10:24:16.781  INFO 45730 --- [main] c.c.c.ConfigServicePropertySourceLocator : Fetching config from server at: http://localhost:8888
2017-11-27 10:24:16.989  WARN 45730 --- [main] c.c.c.ConfigServicePropertySourceLocator : Could not locate PropertySource: I/O error on GET request for "http://localhost:8888/application/default": Connection refused (Connection refused); nested exception is java.net.ConnectException: Connection refused (Connection refused)
2017-11-27 10:24:16.990  INFO 45730 --- [main] com.hengaiw.PayServer                    : No active profile set, falling back to default profiles: default
2017-11-27 10:24:17.006  INFO 45730 --- [main] ationConfigEmbeddedWebApplicationContext : Refreshing org.springframework.boot.context.embedded.AnnotationConfigEmbeddedWebApplicationContext@aafcffa: startup date [Mon Nov 27 10:24:17 CST 2017]; parent: org.springframework.context.annotation.AnnotationConfigApplicationContext@619713e5
2017-11-27 10:24:17.880  INFO 45730 --- [main] o.s.cloud.context.scope.GenericScope     : BeanFactory id=a400a8d3-55ce-3117-8072-9dc11388e077
2017-11-27 10:24:17.895  INFO 45730 --- [main] f.a.AutowiredAnnotationBeanPostProcessor : JSR-330 'javax.inject.Inject' annotation found and supported for autowiring
2017-11-27 10:24:17.949  INFO 45730 --- [main] trationDelegate$BeanPostProcessorChecker : Bean 'org.springframework.cloud.netflix.metrics.MetricsInterceptorConfiguration$MetricsRestTemplateConfiguration' of type [org.springframework.cloud.netflix.metrics.MetricsInterceptorConfiguration$MetricsRestTemplateConfiguration$$EnhancerBySpringCGLIB$$9758f48b] is not eligible for getting processed by all BeanPostProcessors (for example: not eligible for auto-proxying)
2017-11-27 10:24:17.958  INFO 45730 --- [main] trationDelegate$BeanPostProcessorChecker : Bean 'org.springframework.cloud.autoconfigure.ConfigurationPropertiesRebinderAutoConfiguration' of type [org.springframework.cloud.autoconfigure.ConfigurationPropertiesRebinderAutoConfiguration$$EnhancerBySpringCGLIB$$81465147] is not eligible for getting processed by all BeanPostProcessors (for example: not eligible for auto-proxying)
2017-11-27 10:24:18.328  INFO 45730 --- [main] s.b.c.e.t.TomcatEmbeddedServletContainer : Tomcat initialized with port(s): 8000 (http)
2017-11-27 10:24:18.339  INFO 45730 --- [main] o.apache.catalina.core.StandardService   : Starting service [Tomcat]
2017-11-27 10:24:18.340  INFO 45730 --- [main] org.apache.catalina.core.StandardEngine  : Starting Servlet Engine: Apache Tomcat/8.5.16
2017-11-27 10:24:18.458  INFO 45730 --- [localhost-startStop-1] o.a.c.c.C.[Tomcat].[localhost].[/]       : Initializing Spring embedded WebApplicationContext
2017-11-27 10:24:18.459  INFO 45730 --- [localhost-startStop-1] o.s.web.context.ContextLoader            : Root WebApplicationContext: initialization completed in 1453 ms
2017-11-27 10:24:19.014  INFO 45730 --- [localhost-startStop-1] o.s.b.w.servlet.FilterRegistrationBean   : Mapping filter: 'metricsFilter' to: [/*]
2017-11-27 10:24:19.014  INFO 45730 --- [localhost-startStop-1] o.s.b.w.servlet.FilterRegistrationBean   : Mapping filter: 'characterEncodingFilter' to: [/*]
2017-11-27 10:24:19.015  INFO 45730 --- [localhost-startStop-1] o.s.b.w.servlet.FilterRegistrationBean   : Mapping filter: 'hiddenHttpMethodFilter' to: [/*]
2017-11-27 10:24:19.015  INFO 45730 --- [localhost-startStop-1] o.s.b.w.servlet.FilterRegistrationBean   : Mapping filter: 'httpPutFormContentFilter' to: [/*]
2017-11-27 10:24:19.015  INFO 45730 --- [localhost-startStop-1] o.s.b.w.servlet.FilterRegistrationBean   : Mapping filter: 'requestContextFilter' to: [/*]
2017-11-27 10:24:19.015  INFO 45730 --- [localhost-startStop-1] o.s.b.w.servlet.FilterRegistrationBean   : Mapping filter: 'webRequestTraceFilter' to: [/*]
2017-11-27 10:24:19.016  INFO 45730 --- [localhost-startStop-1] o.s.b.w.servlet.FilterRegistrationBean   : Mapping filter: 'servletContainer' to urls: [/eureka/*]
2017-11-27 10:24:19.016  INFO 45730 --- [localhost-startStop-1] o.s.b.w.servlet.FilterRegistrationBean   : Mapping filter: 'applicationContextIdFilter' to: [/*]
2017-11-27 10:24:19.016  INFO 45730 --- [localhost-startStop-1] o.s.b.w.servlet.ServletRegistrationBean  : Mapping servlet: 'dispatcherServlet' to [/]
2017-11-27 10:24:19.107  INFO 45730 --- [localhost-startStop-1] c.s.j.s.i.a.WebApplicationImpl           : Initiating Jersey application, version 'Jersey: 1.19.1 03/11/2016 02:08 PM'
2017-11-27 10:24:19.187  INFO 45730 --- [localhost-startStop-1] c.n.d.provider.DiscoveryJerseyProvider   : Using JSON encoding codec LegacyJacksonJson
2017-11-27 10:24:19.188  INFO 45730 --- [localhost-startStop-1] c.n.d.provider.DiscoveryJerseyProvider   : Using JSON decoding codec LegacyJacksonJson
2017-11-27 10:24:19.458  INFO 45730 --- [localhost-startStop-1] c.n.d.provider.DiscoveryJerseyProvider   : Using XML encoding codec XStreamXml
2017-11-27 10:24:19.458  INFO 45730 --- [localhost-startStop-1] c.n.d.provider.DiscoveryJerseyProvider   : Using XML decoding codec XStreamXml
2017-11-27 10:24:19.931  WARN 45730 --- [main] o.s.c.n.a.ArchaiusAutoConfiguration      : No spring.application.name found, defaulting to 'application'
2017-11-27 10:24:19.934  WARN 45730 --- [main] c.n.c.sources.URLConfigurationSource     : No URLs will be polled as dynamic configuration sources.
2017-11-27 10:24:19.934  INFO 45730 --- [main] c.n.c.sources.URLConfigurationSource     : To enable URLs as dynamic configuration sources, define System property archaius.configurationSource.additionalUrls or make config.properties available on classpath.
2017-11-27 10:24:19.940  WARN 45730 --- [main] c.n.c.sources.URLConfigurationSource     : No URLs will be polled as dynamic configuration sources.
2017-11-27 10:24:19.940  INFO 45730 --- [main] c.n.c.sources.URLConfigurationSource     : To enable URLs as dynamic configuration sources, define System property archaius.configurationSource.additionalUrls or make config.properties available on classpath.
2017-11-27 10:24:20.160  INFO 45730 --- [main] s.w.s.m.m.a.RequestMappingHandlerAdapter : Looking for @ControllerAdvice: org.springframework.boot.context.embedded.AnnotationConfigEmbeddedWebApplicationContext@aafcffa: startup date [Mon Nov 27 10:24:17 CST 2017]; parent: org.springframework.context.annotation.AnnotationConfigApplicationContext@619713e5
2017-11-27 10:24:20.261  INFO 45730 --- [main] s.w.s.m.m.a.RequestMappingHandlerMapping : Mapped "{[/error]}" onto public org.springframework.http.ResponseEntity<java.util.Map<java.lang.String, java.lang.Object>> org.springframework.boot.autoconfigure.web.BasicErrorController.error(javax.servlet.http.HttpServletRequest)
2017-11-27 10:24:20.262  INFO 45730 --- [main] s.w.s.m.m.a.RequestMappingHandlerMapping : Mapped "{[/error],produces=[text/html]}" onto public org.springframework.web.servlet.ModelAndView org.springframework.boot.autoconfigure.web.BasicErrorController.errorHtml(javax.servlet.http.HttpServletRequest,javax.servlet.http.HttpServletResponse)
2017-11-27 10:24:20.266  INFO 45730 --- [main] s.w.s.m.m.a.RequestMappingHandlerMapping : Mapped "{[/],methods=[GET]}" onto public java.lang.String org.springframework.cloud.netflix.eureka.server.EurekaController.status(javax.servlet.http.HttpServletRequest,java.util.Map<java.lang.String, java.lang.Object>)
2017-11-27 10:24:20.266  INFO 45730 --- [main] s.w.s.m.m.a.RequestMappingHandlerMapping : Mapped "{[/lastn],methods=[GET]}" onto public java.lang.String org.springframework.cloud.netflix.eureka.server.EurekaController.lastn(javax.servlet.http.HttpServletRequest,java.util.Map<java.lang.String, java.lang.Object>)
2017-11-27 10:24:20.296  INFO 45730 --- [main] o.s.w.s.handler.SimpleUrlHandlerMapping  : Mapped URL path [/webjars/**] onto handler of type [class org.springframework.web.servlet.resource.ResourceHttpRequestHandler]
2017-11-27 10:24:20.296  INFO 45730 --- [main] o.s.w.s.handler.SimpleUrlHandlerMapping  : Mapped URL path [/**] onto handler of type [class org.springframework.web.servlet.resource.ResourceHttpRequestHandler]
2017-11-27 10:24:20.340  INFO 45730 --- [main] o.s.w.s.handler.SimpleUrlHandlerMapping  : Mapped URL path [/**/favicon.ico] onto handler of type [class org.springframework.web.servlet.resource.ResourceHttpRequestHandler]
2017-11-27 10:24:20.827  INFO 45730 --- [main] o.s.b.a.e.mvc.EndpointHandlerMapping     : Mapped "{[/loggers/{name:.*}],methods=[GET],produces=[application/vnd.spring-boot.actuator.v1+json || application/json]}" onto public java.lang.Object org.springframework.boot.actuate.endpoint.mvc.LoggersMvcEndpoint.get(java.lang.String)
2017-11-27 10:24:20.827  INFO 45730 --- [main] o.s.b.a.e.mvc.EndpointHandlerMapping     : Mapped "{[/loggers/{name:.*}],methods=[POST],consumes=[application/vnd.spring-boot.actuator.v1+json || application/json],produces=[application/vnd.spring-boot.actuator.v1+json || application/json]}" onto public java.lang.Object org.springframework.boot.actuate.endpoint.mvc.LoggersMvcEndpoint.set(java.lang.String,java.util.Map<java.lang.String, java.lang.String>)
2017-11-27 10:24:20.827  INFO 45730 --- [main] o.s.b.a.e.mvc.EndpointHandlerMapping     : Mapped "{[/loggers || /loggers.json],methods=[GET],produces=[application/vnd.spring-boot.actuator.v1+json || application/json]}" onto public java.lang.Object org.springframework.boot.actuate.endpoint.mvc.EndpointMvcAdapter.invoke()
2017-11-27 10:24:20.828  INFO 45730 --- [main] o.s.b.a.e.mvc.EndpointHandlerMapping     : Mapped "{[/configprops || /configprops.json],methods=[GET],produces=[application/vnd.spring-boot.actuator.v1+json || application/json]}" onto public java.lang.Object org.springframework.boot.actuate.endpoint.mvc.EndpointMvcAdapter.invoke()
2017-11-27 10:24:20.828  INFO 45730 --- [main] o.s.b.a.e.mvc.EndpointHandlerMapping     : Mapped "{[/health || /health.json],methods=[GET],produces=[application/vnd.spring-boot.actuator.v1+json || application/json]}" onto public java.lang.Object org.springframework.boot.actuate.endpoint.mvc.HealthMvcEndpoint.invoke(javax.servlet.http.HttpServletRequest,java.security.Principal)
2017-11-27 10:24:20.829  INFO 45730 --- [main] o.s.b.a.e.mvc.EndpointHandlerMapping     : Mapped "{[/env],methods=[POST]}" onto public java.lang.Object org.springframework.cloud.context.environment.EnvironmentManagerMvcEndpoint.value(java.util.Map<java.lang.String, java.lang.String>)
2017-11-27 10:24:20.829  INFO 45730 --- [main] o.s.b.a.e.mvc.EndpointHandlerMapping     : Mapped "{[/env/reset],methods=[POST]}" onto public java.util.Map<java.lang.String, java.lang.Object> org.springframework.cloud.context.environment.EnvironmentManagerMvcEndpoint.reset()
2017-11-27 10:24:20.830  INFO 45730 --- [main] o.s.b.a.e.mvc.EndpointHandlerMapping     : Mapped "{[/autoconfig || /autoconfig.json],methods=[GET],produces=[application/vnd.spring-boot.actuator.v1+json || application/json]}" onto public java.lang.Object org.springframework.boot.actuate.endpoint.mvc.EndpointMvcAdapter.invoke()
2017-11-27 10:24:20.831  INFO 45730 --- [main] o.s.b.a.e.mvc.EndpointHandlerMapping     : Mapped "{[/mappings || /mappings.json],methods=[GET],produces=[application/vnd.spring-boot.actuator.v1+json || application/json]}" onto public java.lang.Object org.springframework.boot.actuate.endpoint.mvc.EndpointMvcAdapter.invoke()
2017-11-27 10:24:20.832  INFO 45730 --- [main] o.s.b.a.e.mvc.EndpointHandlerMapping     : Mapped "{[/env/{name:.*}],methods=[GET],produces=[application/vnd.spring-boot.actuator.v1+json || application/json]}" onto public java.lang.Object org.springframework.boot.actuate.endpoint.mvc.EnvironmentMvcEndpoint.value(java.lang.String)
2017-11-27 10:24:20.833  INFO 45730 --- [main] o.s.b.a.e.mvc.EndpointHandlerMapping     : Mapped "{[/env || /env.json],methods=[GET],produces=[application/vnd.spring-boot.actuator.v1+json || application/json]}" onto public java.lang.Object org.springframework.boot.actuate.endpoint.mvc.EndpointMvcAdapter.invoke()
2017-11-27 10:24:20.833  INFO 45730 --- [main] o.s.b.a.e.mvc.EndpointHandlerMapping     : Mapped "{[/features || /features.json],methods=[GET],produces=[application/vnd.spring-boot.actuator.v1+json || application/json]}" onto public java.lang.Object org.springframework.boot.actuate.endpoint.mvc.EndpointMvcAdapter.invoke()
2017-11-27 10:24:20.834  INFO 45730 --- [main] o.s.b.a.e.mvc.EndpointHandlerMapping     : Mapped "{[/info || /info.json],methods=[GET],produces=[application/vnd.spring-boot.actuator.v1+json || application/json]}" onto public java.lang.Object org.springframework.boot.actuate.endpoint.mvc.EndpointMvcAdapter.invoke()
2017-11-27 10:24:20.835  INFO 45730 --- [main] o.s.b.a.e.mvc.EndpointHandlerMapping     : Mapped "{[/dump || /dump.json],methods=[GET],produces=[application/vnd.spring-boot.actuator.v1+json || application/json]}" onto public java.lang.Object org.springframework.boot.actuate.endpoint.mvc.EndpointMvcAdapter.invoke()
2017-11-27 10:24:20.835  INFO 45730 --- [main] o.s.b.a.e.mvc.EndpointHandlerMapping     : Mapped "{[/heapdump || /heapdump.json],methods=[GET],produces=[application/octet-stream]}" onto public void org.springframework.boot.actuate.endpoint.mvc.HeapdumpMvcEndpoint.invoke(boolean,javax.servlet.http.HttpServletRequest,javax.servlet.http.HttpServletResponse) throws java.io.IOException,javax.servlet.ServletException
2017-11-27 10:24:20.836  INFO 45730 --- [main] o.s.b.a.e.mvc.EndpointHandlerMapping     : Mapped "{[/pause || /pause.json],methods=[POST]}" onto public java.lang.Object org.springframework.cloud.endpoint.GenericPostableMvcEndpoint.invoke()
2017-11-27 10:24:20.837  INFO 45730 --- [main] o.s.b.a.e.mvc.EndpointHandlerMapping     : Mapped "{[/auditevents || /auditevents.json],methods=[GET],produces=[application/vnd.spring-boot.actuator.v1+json || application/json]}" onto public org.springframework.http.ResponseEntity<?> org.springframework.boot.actuate.endpoint.mvc.AuditEventsMvcEndpoint.findByPrincipalAndAfterAndType(java.lang.String,java.util.Date,java.lang.String)
2017-11-27 10:24:20.837  INFO 45730 --- [main] o.s.b.a.e.mvc.EndpointHandlerMapping     : Mapped "{[/metrics/{name:.*}],methods=[GET],produces=[application/vnd.spring-boot.actuator.v1+json || application/json]}" onto public java.lang.Object org.springframework.boot.actuate.endpoint.mvc.MetricsMvcEndpoint.value(java.lang.String)
2017-11-27 10:24:20.838  INFO 45730 --- [main] o.s.b.a.e.mvc.EndpointHandlerMapping     : Mapped "{[/metrics || /metrics.json],methods=[GET],produces=[application/vnd.spring-boot.actuator.v1+json || application/json]}" onto public java.lang.Object org.springframework.boot.actuate.endpoint.mvc.EndpointMvcAdapter.invoke()
2017-11-27 10:24:20.838  INFO 45730 --- [main] o.s.b.a.e.mvc.EndpointHandlerMapping     : Mapped "{[/resume || /resume.json],methods=[POST]}" onto public java.lang.Object org.springframework.cloud.endpoint.GenericPostableMvcEndpoint.invoke()
2017-11-27 10:24:20.838  INFO 45730 --- [main] o.s.b.a.e.mvc.EndpointHandlerMapping     : Mapped "{[/logfile || /logfile.json],methods=[GET || HEAD]}" onto public void org.springframework.boot.actuate.endpoint.mvc.LogFileMvcEndpoint.invoke(javax.servlet.http.HttpServletRequest,javax.servlet.http.HttpServletResponse) throws javax.servlet.ServletException,java.io.IOException
2017-11-27 10:24:20.840  INFO 45730 --- [main] o.s.b.a.e.mvc.EndpointHandlerMapping     : Mapped "{[/service-registry/instance-status],methods=[GET]}" onto public org.springframework.http.ResponseEntity org.springframework.cloud.client.serviceregistry.endpoint.ServiceRegistryEndpoint.getStatus()
2017-11-27 10:24:20.841  INFO 45730 --- [main] o.s.b.a.e.mvc.EndpointHandlerMapping     : Mapped "{[/service-registry/instance-status],methods=[POST]}" onto public org.springframework.http.ResponseEntity<?> org.springframework.cloud.client.serviceregistry.endpoint.ServiceRegistryEndpoint.setStatus(java.lang.String)
2017-11-27 10:24:20.842  INFO 45730 --- [main] o.s.b.a.e.mvc.EndpointHandlerMapping     : Mapped "{[/archaius || /archaius.json],methods=[GET],produces=[application/vnd.spring-boot.actuator.v1+json || application/json]}" onto public java.lang.Object org.springframework.boot.actuate.endpoint.mvc.EndpointMvcAdapter.invoke()
2017-11-27 10:24:20.842  INFO 45730 --- [main] o.s.b.a.e.mvc.EndpointHandlerMapping     : Mapped "{[/trace || /trace.json],methods=[GET],produces=[application/vnd.spring-boot.actuator.v1+json || application/json]}" onto public java.lang.Object org.springframework.boot.actuate.endpoint.mvc.EndpointMvcAdapter.invoke()
2017-11-27 10:24:20.843  INFO 45730 --- [main] o.s.b.a.e.mvc.EndpointHandlerMapping     : Mapped "{[/restart || /restart.json],methods=[POST]}" onto public java.lang.Object org.springframework.cloud.context.restart.RestartMvcEndpoint.invoke()
2017-11-27 10:24:20.843  INFO 45730 --- [main] o.s.b.a.e.mvc.EndpointHandlerMapping     : Mapped "{[/beans || /beans.json],methods=[GET],produces=[application/vnd.spring-boot.actuator.v1+json || application/json]}" onto public java.lang.Object org.springframework.boot.actuate.endpoint.mvc.EndpointMvcAdapter.invoke()
2017-11-27 10:24:20.843  INFO 45730 --- [main] o.s.b.a.e.mvc.EndpointHandlerMapping     : Mapped "{[/refresh || /refresh.json],methods=[POST]}" onto public java.lang.Object org.springframework.cloud.endpoint.GenericPostableMvcEndpoint.invoke()
2017-11-27 10:24:20.972  INFO 45730 --- [main] o.s.ui.freemarker.SpringTemplateLoader   : SpringTemplateLoader for FreeMarker: using resource loader [org.springframework.boot.context.embedded.AnnotationConfigEmbeddedWebApplicationContext@aafcffa: startup date [Mon Nov 27 10:24:17 CST 2017]; parent: org.springframework.context.annotation.AnnotationConfigApplicationContext@619713e5] and template loader path [classpath:/templates/]
2017-11-27 10:24:20.974  INFO 45730 --- [main] o.s.w.s.v.f.FreeMarkerConfigurer         : ClassTemplateLoader for Spring macros added to FreeMarker configuration
2017-11-27 10:24:21.127  INFO 45730 --- [main] o.s.c.n.eureka.InstanceInfoFactory       : Setting initial instance status as: STARTING
2017-11-27 10:24:21.167  INFO 45730 --- [main] com.netflix.discovery.DiscoveryClient    : Initializing Eureka in region us-east-1
2017-11-27 10:24:21.167  INFO 45730 --- [main] com.netflix.discovery.DiscoveryClient    : Client configured to neither register nor query for data.
2017-11-27 10:24:21.176  INFO 45730 --- [main] com.netflix.discovery.DiscoveryClient    : Discovery Client initialized at timestamp 1511749461176 with initial instances count: 0
2017-11-27 10:24:21.251  INFO 45730 --- [main] c.n.eureka.DefaultEurekaServerContext    : Initializing ...
2017-11-27 10:24:21.254  INFO 45730 --- [main] c.n.eureka.cluster.PeerEurekaNodes       : Adding new peer nodes [http://localhost:8000/eureka/]
2017-11-27 10:24:21.505  INFO 45730 --- [main] c.n.d.provider.DiscoveryJerseyProvider   : Using JSON encoding codec LegacyJacksonJson
2017-11-27 10:24:21.505  INFO 45730 --- [main] c.n.d.provider.DiscoveryJerseyProvider   : Using JSON decoding codec LegacyJacksonJson
2017-11-27 10:24:21.506  INFO 45730 --- [main] c.n.d.provider.DiscoveryJerseyProvider   : Using XML encoding codec XStreamXml
2017-11-27 10:24:21.506  INFO 45730 --- [main] c.n.d.provider.DiscoveryJerseyProvider   : Using XML decoding codec XStreamXml
2017-11-27 10:24:21.616  INFO 45730 --- [main] c.n.eureka.cluster.PeerEurekaNodes       : Replica node URL:  http://localhost:8000/eureka/
2017-11-27 10:24:21.624  INFO 45730 --- [main] c.n.e.registry.AbstractInstanceRegistry  : Finished initializing remote region registries. All known remote regions: []
2017-11-27 10:24:21.624  INFO 45730 --- [main] c.n.eureka.DefaultEurekaServerContext    : Initialized
2017-11-27 10:24:21.707  INFO 45730 --- [main] o.s.j.e.a.AnnotationMBeanExporter        : Registering beans for JMX exposure on startup
2017-11-27 10:24:21.717  INFO 45730 --- [main] o.s.j.e.a.AnnotationMBeanExporter        : Bean with name 'environmentManager' has been autodetected for JMX exposure
2017-11-27 10:24:21.719  INFO 45730 --- [main] o.s.j.e.a.AnnotationMBeanExporter        : Bean with name 'configurationPropertiesRebinder' has been autodetected for JMX exposure
2017-11-27 10:24:21.720  INFO 45730 --- [main] o.s.j.e.a.AnnotationMBeanExporter        : Bean with name 'refreshEndpoint' has been autodetected for JMX exposure
2017-11-27 10:24:21.720  INFO 45730 --- [main] o.s.j.e.a.AnnotationMBeanExporter        : Bean with name 'restartEndpoint' has been autodetected for JMX exposure
2017-11-27 10:24:21.722  INFO 45730 --- [main] o.s.j.e.a.AnnotationMBeanExporter        : Bean with name 'serviceRegistryEndpoint' has been autodetected for JMX exposure
2017-11-27 10:24:21.723  INFO 45730 --- [main] o.s.j.e.a.AnnotationMBeanExporter        : Bean with name 'refreshScope' has been autodetected for JMX exposure
2017-11-27 10:24:21.725  INFO 45730 --- [main] o.s.j.e.a.AnnotationMBeanExporter        : Located managed bean 'environmentManager': registering with JMX server as MBean [org.springframework.cloud.context.environment:name=environmentManager,type=EnvironmentManager]
2017-11-27 10:24:21.741  INFO 45730 --- [main] o.s.j.e.a.AnnotationMBeanExporter        : Located managed bean 'restartEndpoint': registering with JMX server as MBean [org.springframework.cloud.context.restart:name=restartEndpoint,type=RestartEndpoint]
2017-11-27 10:24:21.751  INFO 45730 --- [main] o.s.j.e.a.AnnotationMBeanExporter        : Located managed bean 'serviceRegistryEndpoint': registering with JMX server as MBean [org.springframework.cloud.client.serviceregistry.endpoint:name=serviceRegistryEndpoint,type=ServiceRegistryEndpoint]
2017-11-27 10:24:21.756  INFO 45730 --- [main] o.s.j.e.a.AnnotationMBeanExporter        : Located managed bean 'refreshScope': registering with JMX server as MBean [org.springframework.cloud.context.scope.refresh:name=refreshScope,type=RefreshScope]
2017-11-27 10:24:21.764  INFO 45730 --- [main] o.s.j.e.a.AnnotationMBeanExporter        : Located managed bean 'configurationPropertiesRebinder': registering with JMX server as MBean [org.springframework.cloud.context.properties:name=configurationPropertiesRebinder,context=aafcffa,type=ConfigurationPropertiesRebinder]
2017-11-27 10:24:21.768  INFO 45730 --- [main] o.s.j.e.a.AnnotationMBeanExporter        : Located managed bean 'refreshEndpoint': registering with JMX server as MBean [org.springframework.cloud.endpoint:name=refreshEndpoint,type=RefreshEndpoint]
2017-11-27 10:24:21.940  INFO 45730 --- [main] o.s.c.support.DefaultLifecycleProcessor  : Starting beans in phase 0
2017-11-27 10:24:21.941  INFO 45730 --- [main] o.s.c.n.e.s.EurekaServiceRegistry        : Registering application unknown with eureka with status UP
2017-11-27 10:24:21.979  INFO 45730 --- [Thread-11] o.s.c.n.e.server.EurekaServerBootstrap   : Setting the eureka configuration..
2017-11-27 10:24:21.980  INFO 45730 --- [Thread-11] o.s.c.n.e.server.EurekaServerBootstrap   : Eureka data center value eureka.datacenter is not set, defaulting to default
2017-11-27 10:24:21.980  INFO 45730 --- [Thread-11] o.s.c.n.e.server.EurekaServerBootstrap   : Eureka environment value eureka.environment is not set, defaulting to test
2017-11-27 10:24:21.996  INFO 45730 --- [Thread-11] o.s.c.n.e.server.EurekaServerBootstrap   : isAws returned false
2017-11-27 10:24:21.996  INFO 45730 --- [Thread-11] o.s.c.n.e.server.EurekaServerBootstrap   : Initialized server context
2017-11-27 10:24:21.997  INFO 45730 --- [Thread-11] c.n.e.r.PeerAwareInstanceRegistryImpl    : Got 1 instances from neighboring DS node
2017-11-27 10:24:21.997  INFO 45730 --- [Thread-11] c.n.e.r.PeerAwareInstanceRegistryImpl    : Renew threshold is: 1
2017-11-27 10:24:21.997  INFO 45730 --- [Thread-11] c.n.e.r.PeerAwareInstanceRegistryImpl    : Changing status to UP
2017-11-27 10:24:22.004  INFO 45730 --- [Thread-11] e.s.EurekaServerInitializerConfiguration : Started Eureka Server
2017-11-27 10:24:22.067  INFO 45730 --- [main] s.b.c.e.t.TomcatEmbeddedServletContainer : Tomcat started on port(s): 8000 (http)
2017-11-27 10:24:22.069  INFO 45730 --- [main] .s.c.n.e.s.EurekaAutoServiceRegistration : Updating port to 8000
2017-11-27 10:24:22.073  INFO 45730 --- [main] com.hengaiw.PayServer                    : Started PayServer in 6.437 seconds (JVM running for 6.826)
2017-11-27 10:24:55.488  INFO 45730 --- [http-nio-8000-exec-1] o.a.c.c.C.[Tomcat].[localhost].[/]       : Initializing Spring FrameworkServlet 'dispatcherServlet'
2017-11-27 10:24:55.489  INFO 45730 --- [http-nio-8000-exec-1] o.s.web.servlet.DispatcherServlet        : FrameworkServlet 'dispatcherServlet': initialization started
2017-11-27 10:24:55.519  INFO 45730 --- [http-nio-8000-exec-1] o.s.web.servlet.DispatcherServlet        : FrameworkServlet 'dispatcherServlet': initialization completed in 30 ms
2017-11-27 10:24:55.844  INFO 45730 --- [http-nio-8000-exec-2] c.n.e.registry.AbstractInstanceRegistry  : Registered instance HAPAYCONFIG/192.168.1.100:HaPayConfig:8001 with status UP (replication=false)
2017-11-27 10:24:56.475  INFO 45730 --- [http-nio-8000-exec-3] c.n.e.registry.AbstractInstanceRegistry  : Registered instance HAPAYCONFIG/192.168.1.100:HaPayConfig:8001 with status UP (replication=true)
2017-11-27 10:25:21.999  INFO 45730 --- [Eureka-EvictionTimer] c.n.e.registry.AbstractInstanceRegistry  : Running the evict task with compensationTime 0ms
2017-11-27 10:25:48.170  INFO 45730 --- [http-nio-8000-exec-1] c.n.e.registry.AbstractInstanceRegistry  : Registered instance HAPAYALIPAYSERVICE/192.168.1.100:HaPayAlipayService:8007 with status UP (replication=false)
2017-11-27 10:25:48.677  INFO 45730 --- [http-nio-8000-exec-2] c.n.e.registry.AbstractInstanceRegistry  : Registered instance HAPAYALIPAYSERVICE/192.168.1.100:HaPayAlipayService:8007 with status UP (replication=true)
2017-11-27 10:26:22.001  INFO 45730 --- [Eureka-EvictionTimer] c.n.e.registry.AbstractInstanceRegistry  : Running the evict task with compensationTime 4ms
2017-11-27 10:27:22.003  INFO 45730 --- [Eureka-EvictionTimer] c.n.e.registry.AbstractInstanceRegistry  : Running the evict task with compensationTime 4ms
2017-11-27 10:28:22.005  INFO 45730 --- [Eureka-EvictionTimer] c.n.e.registry.AbstractInstanceRegistry  : Running the evict task with compensationTime 4ms
2017-11-27 10:29:22.008  INFO 45730 --- [Eureka-EvictionTimer] c.n.e.registry.AbstractInstanceRegistry  : Running the evict task with compensationTime 4ms
2017-11-27 10:30:22.010  INFO 45730 --- [Eureka-EvictionTimer] c.n.e.registry.AbstractInstanceRegistry  : Running the evict task with compensationTime 4ms
2017-11-27 10:31:22.012  INFO 45730 --- [Eureka-EvictionTimer] c.n.e.registry.AbstractInstanceRegistry  : Running the evict task with compensationTime 3ms
2017-11-27 10:32:22.014  INFO 45730 --- [Eureka-EvictionTimer] c.n.e.registry.AbstractInstanceRegistry  : Running the evict task with compensationTime 4ms
2017-11-27 10:33:22.014  INFO 45730 --- [Eureka-EvictionTimer] c.n.e.registry.AbstractInstanceRegistry  : Running the evict task with compensationTime 2ms
2017-11-27 10:34:22.017  INFO 45730 --- [Eureka-EvictionTimer] c.n.e.registry.AbstractInstanceRegistry  : Running the evict task with compensationTime 2ms
2017-11-27 10:35:22.016  INFO 45730 --- [Eureka-EvictionTimer] c.n.e.registry.AbstractInstanceRegistry  : Running the evict task with compensationTime 2ms
2017-11-27 10:36:22.016  INFO 45730 --- [Eureka-EvictionTimer] c.n.e.registry.AbstractInstanceRegistry  : Running the evict task with compensationTime 2ms
2017-11-27 10:37:22.018  INFO 45730 --- [Eureka-EvictionTimer] c.n.e.registry.AbstractInstanceRegistry  : Running the evict task with compensationTime 4ms
2017-11-27 10:38:22.021  INFO 45730 --- [Eureka-EvictionTimer] c.n.e.registry.AbstractInstanceRegistry  : Running the evict task with compensationTime 4ms
2017-11-27 10:39:21.666  INFO 45730 --- [ReplicaAwareInstanceRegistry - RenewalThresholdUpdater] c.n.e.r.PeerAwareInstanceRegistryImpl    : Current renewal threshold is : 0
2017-11-27 10:39:22.023  INFO 45730 --- [Eureka-EvictionTimer] c.n.e.registry.AbstractInstanceRegistry  : Running the evict task with compensationTime 4ms
2017-11-27 10:40:22.025  INFO 45730 --- [Eureka-EvictionTimer] c.n.e.registry.AbstractInstanceRegistry  : Running the evict task with compensationTime 4ms
2017-11-27 10:41:22.028  INFO 45730 --- [Eureka-EvictionTimer] c.n.e.registry.AbstractInstanceRegistry  : Running the evict task with compensationTime 3ms
2017-11-27 10:41:24.963  INFO 45730 --- [Thread-13] ationConfigEmbeddedWebApplicationContext : Closing org.springframework.boot.context.embedded.AnnotationConfigEmbeddedWebApplicationContext@aafcffa: startup date [Mon Nov 27 10:24:17 CST 2017]; parent: org.springframework.context.annotation.AnnotationConfigApplicationContext@619713e5
2017-11-27 10:41:25.056  INFO 45730 --- [Thread-13] o.s.c.n.e.s.EurekaServiceRegistry        : Unregistering application unknown with eureka with status DOWN
2017-11-27 10:41:25.077  INFO 45730 --- [Thread-13] com.netflix.discovery.DiscoveryClient    : Shutting down DiscoveryClient ...
2017-11-27 10:41:25.079  INFO 45730 --- [Thread-13] com.netflix.discovery.DiscoveryClient    : Completed shut down of DiscoveryClient
2017-11-27 10:41:25.157  INFO 45730 --- [Thread-13] o.s.c.support.DefaultLifecycleProcessor  : Stopping beans in phase 0
2017-11-27 10:41:25.197  INFO 45730 --- [Thread-13] c.n.eureka.DefaultEurekaServerContext    : Shutting down ...
2017-11-27 10:41:25.221  INFO 45730 --- [Thread-13] c.n.eureka.DefaultEurekaServerContext    : Shut down
2017-11-27 10:41:25.252  INFO 45730 --- [Thread-13] o.s.j.e.a.AnnotationMBeanExporter        : Unregistering JMX-exposed beans on shutdown
2017-11-27 10:41:25.258  INFO 45730 --- [Thread-13] o.s.j.e.a.AnnotationMBeanExporter        : Unregistering JMX-exposed beans
2017-11-27 11:15:36.194  INFO 48674 --- [main] c.c.c.ConfigServicePropertySourceLocator : Fetching config from server at: http://localhost:8888
2017-11-27 11:15:36.402  WARN 48674 --- [main] c.c.c.ConfigServicePropertySourceLocator : Could not locate PropertySource: I/O error on GET request for "http://localhost:8888/application/default": Connection refused (Connection refused); nested exception is java.net.ConnectException: Connection refused (Connection refused)
2017-11-27 11:15:36.403  INFO 48674 --- [main] com.hengaiw.PayServer                    : No active profile set, falling back to default profiles: default
2017-11-27 11:15:36.421  INFO 48674 --- [main] ationConfigEmbeddedWebApplicationContext : Refreshing org.springframework.boot.context.embedded.AnnotationConfigEmbeddedWebApplicationContext@4aa83f4f: startup date [Mon Nov 27 11:15:36 CST 2017]; parent: org.springframework.context.annotation.AnnotationConfigApplicationContext@619713e5
2017-11-27 11:15:37.372  INFO 48674 --- [main] o.s.cloud.context.scope.GenericScope     : BeanFactory id=a400a8d3-55ce-3117-8072-9dc11388e077
2017-11-27 11:15:37.388  INFO 48674 --- [main] f.a.AutowiredAnnotationBeanPostProcessor : JSR-330 'javax.inject.Inject' annotation found and supported for autowiring
2017-11-27 11:15:37.458  INFO 48674 --- [main] trationDelegate$BeanPostProcessorChecker : Bean 'org.springframework.cloud.netflix.metrics.MetricsInterceptorConfiguration$MetricsRestTemplateConfiguration' of type [org.springframework.cloud.netflix.metrics.MetricsInterceptorConfiguration$MetricsRestTemplateConfiguration$$EnhancerBySpringCGLIB$$9758f48b] is not eligible for getting processed by all BeanPostProcessors (for example: not eligible for auto-proxying)
2017-11-27 11:15:37.467  INFO 48674 --- [main] trationDelegate$BeanPostProcessorChecker : Bean 'org.springframework.cloud.autoconfigure.ConfigurationPropertiesRebinderAutoConfiguration' of type [org.springframework.cloud.autoconfigure.ConfigurationPropertiesRebinderAutoConfiguration$$EnhancerBySpringCGLIB$$81465147] is not eligible for getting processed by all BeanPostProcessors (for example: not eligible for auto-proxying)
2017-11-27 11:15:37.752  INFO 48674 --- [main] s.b.c.e.t.TomcatEmbeddedServletContainer : Tomcat initialized with port(s): 8000 (http)
2017-11-27 11:15:37.764  INFO 48674 --- [main] o.apache.catalina.core.StandardService   : Starting service [Tomcat]
2017-11-27 11:15:37.766  INFO 48674 --- [main] org.apache.catalina.core.StandardEngine  : Starting Servlet Engine: Apache Tomcat/8.5.16
2017-11-27 11:15:37.896  INFO 48674 --- [localhost-startStop-1] o.a.c.c.C.[Tomcat].[localhost].[/]       : Initializing Spring embedded WebApplicationContext
2017-11-27 11:15:37.896  INFO 48674 --- [localhost-startStop-1] o.s.web.context.ContextLoader            : Root WebApplicationContext: initialization completed in 1475 ms
2017-11-27 11:15:38.461  INFO 48674 --- [localhost-startStop-1] o.s.b.w.servlet.FilterRegistrationBean   : Mapping filter: 'metricsFilter' to: [/*]
2017-11-27 11:15:38.462  INFO 48674 --- [localhost-startStop-1] o.s.b.w.servlet.FilterRegistrationBean   : Mapping filter: 'characterEncodingFilter' to: [/*]
2017-11-27 11:15:38.462  INFO 48674 --- [localhost-startStop-1] o.s.b.w.servlet.FilterRegistrationBean   : Mapping filter: 'hiddenHttpMethodFilter' to: [/*]
2017-11-27 11:15:38.463  INFO 48674 --- [localhost-startStop-1] o.s.b.w.servlet.FilterRegistrationBean   : Mapping filter: 'httpPutFormContentFilter' to: [/*]
2017-11-27 11:15:38.463  INFO 48674 --- [localhost-startStop-1] o.s.b.w.servlet.FilterRegistrationBean   : Mapping filter: 'requestContextFilter' to: [/*]
2017-11-27 11:15:38.463  INFO 48674 --- [localhost-startStop-1] o.s.b.w.servlet.FilterRegistrationBean   : Mapping filter: 'webRequestTraceFilter' to: [/*]
2017-11-27 11:15:38.463  INFO 48674 --- [localhost-startStop-1] o.s.b.w.servlet.FilterRegistrationBean   : Mapping filter: 'servletContainer' to urls: [/eureka/*]
2017-11-27 11:15:38.463  INFO 48674 --- [localhost-startStop-1] o.s.b.w.servlet.FilterRegistrationBean   : Mapping filter: 'applicationContextIdFilter' to: [/*]
2017-11-27 11:15:38.464  INFO 48674 --- [localhost-startStop-1] o.s.b.w.servlet.ServletRegistrationBean  : Mapping servlet: 'dispatcherServlet' to [/]
2017-11-27 11:15:38.574  INFO 48674 --- [localhost-startStop-1] c.s.j.s.i.a.WebApplicationImpl           : Initiating Jersey application, version 'Jersey: 1.19.1 03/11/2016 02:08 PM'
2017-11-27 11:15:38.667  INFO 48674 --- [localhost-startStop-1] c.n.d.provider.DiscoveryJerseyProvider   : Using JSON encoding codec LegacyJacksonJson
2017-11-27 11:15:38.670  INFO 48674 --- [localhost-startStop-1] c.n.d.provider.DiscoveryJerseyProvider   : Using JSON decoding codec LegacyJacksonJson
2017-11-27 11:15:38.947  INFO 48674 --- [localhost-startStop-1] c.n.d.provider.DiscoveryJerseyProvider   : Using XML encoding codec XStreamXml
2017-11-27 11:15:38.947  INFO 48674 --- [localhost-startStop-1] c.n.d.provider.DiscoveryJerseyProvider   : Using XML decoding codec XStreamXml
2017-11-27 11:15:39.366  WARN 48674 --- [main] o.s.c.n.a.ArchaiusAutoConfiguration      : No spring.application.name found, defaulting to 'application'
2017-11-27 11:15:39.371  WARN 48674 --- [main] c.n.c.sources.URLConfigurationSource     : No URLs will be polled as dynamic configuration sources.
2017-11-27 11:15:39.371  INFO 48674 --- [main] c.n.c.sources.URLConfigurationSource     : To enable URLs as dynamic configuration sources, define System property archaius.configurationSource.additionalUrls or make config.properties available on classpath.
2017-11-27 11:15:39.379  WARN 48674 --- [main] c.n.c.sources.URLConfigurationSource     : No URLs will be polled as dynamic configuration sources.
2017-11-27 11:15:39.379  INFO 48674 --- [main] c.n.c.sources.URLConfigurationSource     : To enable URLs as dynamic configuration sources, define System property archaius.configurationSource.additionalUrls or make config.properties available on classpath.
2017-11-27 11:15:39.603  INFO 48674 --- [main] s.w.s.m.m.a.RequestMappingHandlerAdapter : Looking for @ControllerAdvice: org.springframework.boot.context.embedded.AnnotationConfigEmbeddedWebApplicationContext@4aa83f4f: startup date [Mon Nov 27 11:15:36 CST 2017]; parent: org.springframework.context.annotation.AnnotationConfigApplicationContext@619713e5
2017-11-27 11:15:39.720  INFO 48674 --- [main] s.w.s.m.m.a.RequestMappingHandlerMapping : Mapped "{[/error]}" onto public org.springframework.http.ResponseEntity<java.util.Map<java.lang.String, java.lang.Object>> org.springframework.boot.autoconfigure.web.BasicErrorController.error(javax.servlet.http.HttpServletRequest)
2017-11-27 11:15:39.721  INFO 48674 --- [main] s.w.s.m.m.a.RequestMappingHandlerMapping : Mapped "{[/error],produces=[text/html]}" onto public org.springframework.web.servlet.ModelAndView org.springframework.boot.autoconfigure.web.BasicErrorController.errorHtml(javax.servlet.http.HttpServletRequest,javax.servlet.http.HttpServletResponse)
2017-11-27 11:15:39.726  INFO 48674 --- [main] s.w.s.m.m.a.RequestMappingHandlerMapping : Mapped "{[/],methods=[GET]}" onto public java.lang.String org.springframework.cloud.netflix.eureka.server.EurekaController.status(javax.servlet.http.HttpServletRequest,java.util.Map<java.lang.String, java.lang.Object>)
2017-11-27 11:15:39.726  INFO 48674 --- [main] s.w.s.m.m.a.RequestMappingHandlerMapping : Mapped "{[/lastn],methods=[GET]}" onto public java.lang.String org.springframework.cloud.netflix.eureka.server.EurekaController.lastn(javax.servlet.http.HttpServletRequest,java.util.Map<java.lang.String, java.lang.Object>)
2017-11-27 11:15:39.759  INFO 48674 --- [main] o.s.w.s.handler.SimpleUrlHandlerMapping  : Mapped URL path [/webjars/**] onto handler of type [class org.springframework.web.servlet.resource.ResourceHttpRequestHandler]
2017-11-27 11:15:39.760  INFO 48674 --- [main] o.s.w.s.handler.SimpleUrlHandlerMapping  : Mapped URL path [/**] onto handler of type [class org.springframework.web.servlet.resource.ResourceHttpRequestHandler]
2017-11-27 11:15:39.801  INFO 48674 --- [main] o.s.w.s.handler.SimpleUrlHandlerMapping  : Mapped URL path [/**/favicon.ico] onto handler of type [class org.springframework.web.servlet.resource.ResourceHttpRequestHandler]
2017-11-27 11:15:40.290  INFO 48674 --- [main] o.s.b.a.e.mvc.EndpointHandlerMapping     : Mapped "{[/resume || /resume.json],methods=[POST]}" onto public java.lang.Object org.springframework.cloud.endpoint.GenericPostableMvcEndpoint.invoke()
2017-11-27 11:15:40.291  INFO 48674 --- [main] o.s.b.a.e.mvc.EndpointHandlerMapping     : Mapped "{[/beans || /beans.json],methods=[GET],produces=[application/vnd.spring-boot.actuator.v1+json || application/json]}" onto public java.lang.Object org.springframework.boot.actuate.endpoint.mvc.EndpointMvcAdapter.invoke()
2017-11-27 11:15:40.292  INFO 48674 --- [main] o.s.b.a.e.mvc.EndpointHandlerMapping     : Mapped "{[/features || /features.json],methods=[GET],produces=[application/vnd.spring-boot.actuator.v1+json || application/json]}" onto public java.lang.Object org.springframework.boot.actuate.endpoint.mvc.EndpointMvcAdapter.invoke()
2017-11-27 11:15:40.293  INFO 48674 --- [main] o.s.b.a.e.mvc.EndpointHandlerMapping     : Mapped "{[/auditevents || /auditevents.json],methods=[GET],produces=[application/vnd.spring-boot.actuator.v1+json || application/json]}" onto public org.springframework.http.ResponseEntity<?> org.springframework.boot.actuate.endpoint.mvc.AuditEventsMvcEndpoint.findByPrincipalAndAfterAndType(java.lang.String,java.util.Date,java.lang.String)
2017-11-27 11:15:40.294  INFO 48674 --- [main] o.s.b.a.e.mvc.EndpointHandlerMapping     : Mapped "{[/loggers/{name:.*}],methods=[GET],produces=[application/vnd.spring-boot.actuator.v1+json || application/json]}" onto public java.lang.Object org.springframework.boot.actuate.endpoint.mvc.LoggersMvcEndpoint.get(java.lang.String)
2017-11-27 11:15:40.295  INFO 48674 --- [main] o.s.b.a.e.mvc.EndpointHandlerMapping     : Mapped "{[/loggers/{name:.*}],methods=[POST],consumes=[application/vnd.spring-boot.actuator.v1+json || application/json],produces=[application/vnd.spring-boot.actuator.v1+json || application/json]}" onto public java.lang.Object org.springframework.boot.actuate.endpoint.mvc.LoggersMvcEndpoint.set(java.lang.String,java.util.Map<java.lang.String, java.lang.String>)
2017-11-27 11:15:40.295  INFO 48674 --- [main] o.s.b.a.e.mvc.EndpointHandlerMapping     : Mapped "{[/loggers || /loggers.json],methods=[GET],produces=[application/vnd.spring-boot.actuator.v1+json || application/json]}" onto public java.lang.Object org.springframework.boot.actuate.endpoint.mvc.EndpointMvcAdapter.invoke()
2017-11-27 11:15:40.296  INFO 48674 --- [main] o.s.b.a.e.mvc.EndpointHandlerMapping     : Mapped "{[/pause || /pause.json],methods=[POST]}" onto public java.lang.Object org.springframework.cloud.endpoint.GenericPostableMvcEndpoint.invoke()
2017-11-27 11:15:40.297  INFO 48674 --- [main] o.s.b.a.e.mvc.EndpointHandlerMapping     : Mapped "{[/heapdump || /heapdump.json],methods=[GET],produces=[application/octet-stream]}" onto public void org.springframework.boot.actuate.endpoint.mvc.HeapdumpMvcEndpoint.invoke(boolean,javax.servlet.http.HttpServletRequest,javax.servlet.http.HttpServletResponse) throws java.io.IOException,javax.servlet.ServletException
2017-11-27 11:15:40.297  INFO 48674 --- [main] o.s.b.a.e.mvc.EndpointHandlerMapping     : Mapped "{[/dump || /dump.json],methods=[GET],produces=[application/vnd.spring-boot.actuator.v1+json || application/json]}" onto public java.lang.Object org.springframework.boot.actuate.endpoint.mvc.EndpointMvcAdapter.invoke()
2017-11-27 11:15:40.298  INFO 48674 --- [main] o.s.b.a.e.mvc.EndpointHandlerMapping     : Mapped "{[/env],methods=[POST]}" onto public java.lang.Object org.springframework.cloud.context.environment.EnvironmentManagerMvcEndpoint.value(java.util.Map<java.lang.String, java.lang.String>)
2017-11-27 11:15:40.298  INFO 48674 --- [main] o.s.b.a.e.mvc.EndpointHandlerMapping     : Mapped "{[/env/reset],methods=[POST]}" onto public java.util.Map<java.lang.String, java.lang.Object> org.springframework.cloud.context.environment.EnvironmentManagerMvcEndpoint.reset()
2017-11-27 11:15:40.300  INFO 48674 --- [main] o.s.b.a.e.mvc.EndpointHandlerMapping     : Mapped "{[/restart || /restart.json],methods=[POST]}" onto public java.lang.Object org.springframework.cloud.context.restart.RestartMvcEndpoint.invoke()
2017-11-27 11:15:40.300  INFO 48674 --- [main] o.s.b.a.e.mvc.EndpointHandlerMapping     : Mapped "{[/service-registry/instance-status],methods=[GET]}" onto public org.springframework.http.ResponseEntity org.springframework.cloud.client.serviceregistry.endpoint.ServiceRegistryEndpoint.getStatus()
2017-11-27 11:15:40.301  INFO 48674 --- [main] o.s.b.a.e.mvc.EndpointHandlerMapping     : Mapped "{[/service-registry/instance-status],methods=[POST]}" onto public org.springframework.http.ResponseEntity<?> org.springframework.cloud.client.serviceregistry.endpoint.ServiceRegistryEndpoint.setStatus(java.lang.String)
2017-11-27 11:15:40.301  INFO 48674 --- [main] o.s.b.a.e.mvc.EndpointHandlerMapping     : Mapped "{[/logfile || /logfile.json],methods=[GET || HEAD]}" onto public void org.springframework.boot.actuate.endpoint.mvc.LogFileMvcEndpoint.invoke(javax.servlet.http.HttpServletRequest,javax.servlet.http.HttpServletResponse) throws javax.servlet.ServletException,java.io.IOException
2017-11-27 11:15:40.303  INFO 48674 --- [main] o.s.b.a.e.mvc.EndpointHandlerMapping     : Mapped "{[/env/{name:.*}],methods=[GET],produces=[application/vnd.spring-boot.actuator.v1+json || application/json]}" onto public java.lang.Object org.springframework.boot.actuate.endpoint.mvc.EnvironmentMvcEndpoint.value(java.lang.String)
2017-11-27 11:15:40.304  INFO 48674 --- [main] o.s.b.a.e.mvc.EndpointHandlerMapping     : Mapped "{[/env || /env.json],methods=[GET],produces=[application/vnd.spring-boot.actuator.v1+json || application/json]}" onto public java.lang.Object org.springframework.boot.actuate.endpoint.mvc.EndpointMvcAdapter.invoke()
2017-11-27 11:15:40.304  INFO 48674 --- [main] o.s.b.a.e.mvc.EndpointHandlerMapping     : Mapped "{[/info || /info.json],methods=[GET],produces=[application/vnd.spring-boot.actuator.v1+json || application/json]}" onto public java.lang.Object org.springframework.boot.actuate.endpoint.mvc.EndpointMvcAdapter.invoke()
2017-11-27 11:15:40.305  INFO 48674 --- [main] o.s.b.a.e.mvc.EndpointHandlerMapping     : Mapped "{[/configprops || /configprops.json],methods=[GET],produces=[application/vnd.spring-boot.actuator.v1+json || application/json]}" onto public java.lang.Object org.springframework.boot.actuate.endpoint.mvc.EndpointMvcAdapter.invoke()
2017-11-27 11:15:40.306  INFO 48674 --- [main] o.s.b.a.e.mvc.EndpointHandlerMapping     : Mapped "{[/health || /health.json],methods=[GET],produces=[application/vnd.spring-boot.actuator.v1+json || application/json]}" onto public java.lang.Object org.springframework.boot.actuate.endpoint.mvc.HealthMvcEndpoint.invoke(javax.servlet.http.HttpServletRequest,java.security.Principal)
2017-11-27 11:15:40.306  INFO 48674 --- [main] o.s.b.a.e.mvc.EndpointHandlerMapping     : Mapped "{[/refresh || /refresh.json],methods=[POST]}" onto public java.lang.Object org.springframework.cloud.endpoint.GenericPostableMvcEndpoint.invoke()
2017-11-27 11:15:40.307  INFO 48674 --- [main] o.s.b.a.e.mvc.EndpointHandlerMapping     : Mapped "{[/archaius || /archaius.json],methods=[GET],produces=[application/vnd.spring-boot.actuator.v1+json || application/json]}" onto public java.lang.Object org.springframework.boot.actuate.endpoint.mvc.EndpointMvcAdapter.invoke()
2017-11-27 11:15:40.307  INFO 48674 --- [main] o.s.b.a.e.mvc.EndpointHandlerMapping     : Mapped "{[/trace || /trace.json],methods=[GET],produces=[application/vnd.spring-boot.actuator.v1+json || application/json]}" onto public java.lang.Object org.springframework.boot.actuate.endpoint.mvc.EndpointMvcAdapter.invoke()
2017-11-27 11:15:40.308  INFO 48674 --- [main] o.s.b.a.e.mvc.EndpointHandlerMapping     : Mapped "{[/mappings || /mappings.json],methods=[GET],produces=[application/vnd.spring-boot.actuator.v1+json || application/json]}" onto public java.lang.Object org.springframework.boot.actuate.endpoint.mvc.EndpointMvcAdapter.invoke()
2017-11-27 11:15:40.308  INFO 48674 --- [main] o.s.b.a.e.mvc.EndpointHandlerMapping     : Mapped "{[/autoconfig || /autoconfig.json],methods=[GET],produces=[application/vnd.spring-boot.actuator.v1+json || application/json]}" onto public java.lang.Object org.springframework.boot.actuate.endpoint.mvc.EndpointMvcAdapter.invoke()
2017-11-27 11:15:40.309  INFO 48674 --- [main] o.s.b.a.e.mvc.EndpointHandlerMapping     : Mapped "{[/metrics/{name:.*}],methods=[GET],produces=[application/vnd.spring-boot.actuator.v1+json || application/json]}" onto public java.lang.Object org.springframework.boot.actuate.endpoint.mvc.MetricsMvcEndpoint.value(java.lang.String)
2017-11-27 11:15:40.309  INFO 48674 --- [main] o.s.b.a.e.mvc.EndpointHandlerMapping     : Mapped "{[/metrics || /metrics.json],methods=[GET],produces=[application/vnd.spring-boot.actuator.v1+json || application/json]}" onto public java.lang.Object org.springframework.boot.actuate.endpoint.mvc.EndpointMvcAdapter.invoke()
2017-11-27 11:15:40.431  INFO 48674 --- [main] o.s.ui.freemarker.SpringTemplateLoader   : SpringTemplateLoader for FreeMarker: using resource loader [org.springframework.boot.context.embedded.AnnotationConfigEmbeddedWebApplicationContext@4aa83f4f: startup date [Mon Nov 27 11:15:36 CST 2017]; parent: org.springframework.context.annotation.AnnotationConfigApplicationContext@619713e5] and template loader path [classpath:/templates/]
2017-11-27 11:15:40.432  INFO 48674 --- [main] o.s.w.s.v.f.FreeMarkerConfigurer         : ClassTemplateLoader for Spring macros added to FreeMarker configuration
2017-11-27 11:15:40.548  INFO 48674 --- [main] o.s.c.n.eureka.InstanceInfoFactory       : Setting initial instance status as: STARTING
2017-11-27 11:15:40.599  INFO 48674 --- [main] com.netflix.discovery.DiscoveryClient    : Initializing Eureka in region us-east-1
2017-11-27 11:15:40.599  INFO 48674 --- [main] com.netflix.discovery.DiscoveryClient    : Client configured to neither register nor query for data.
2017-11-27 11:15:40.613  INFO 48674 --- [main] com.netflix.discovery.DiscoveryClient    : Discovery Client initialized at timestamp 1511752540613 with initial instances count: 0
2017-11-27 11:15:40.696  INFO 48674 --- [main] c.n.eureka.DefaultEurekaServerContext    : Initializing ...
2017-11-27 11:15:40.698  INFO 48674 --- [main] c.n.eureka.cluster.PeerEurekaNodes       : Adding new peer nodes [http://localhost:8000/eureka/]
2017-11-27 11:15:40.915  INFO 48674 --- [main] c.n.d.provider.DiscoveryJerseyProvider   : Using JSON encoding codec LegacyJacksonJson
2017-11-27 11:15:40.915  INFO 48674 --- [main] c.n.d.provider.DiscoveryJerseyProvider   : Using JSON decoding codec LegacyJacksonJson
2017-11-27 11:15:40.915  INFO 48674 --- [main] c.n.d.provider.DiscoveryJerseyProvider   : Using XML encoding codec XStreamXml
2017-11-27 11:15:40.915  INFO 48674 --- [main] c.n.d.provider.DiscoveryJerseyProvider   : Using XML decoding codec XStreamXml
2017-11-27 11:15:41.034  INFO 48674 --- [main] c.n.eureka.cluster.PeerEurekaNodes       : Replica node URL:  http://localhost:8000/eureka/
2017-11-27 11:15:41.042  INFO 48674 --- [main] c.n.e.registry.AbstractInstanceRegistry  : Finished initializing remote region registries. All known remote regions: []
2017-11-27 11:15:41.043  INFO 48674 --- [main] c.n.eureka.DefaultEurekaServerContext    : Initialized
2017-11-27 11:15:41.114  INFO 48674 --- [main] o.s.j.e.a.AnnotationMBeanExporter        : Registering beans for JMX exposure on startup
2017-11-27 11:15:41.124  INFO 48674 --- [main] o.s.j.e.a.AnnotationMBeanExporter        : Bean with name 'environmentManager' has been autodetected for JMX exposure
2017-11-27 11:15:41.126  INFO 48674 --- [main] o.s.j.e.a.AnnotationMBeanExporter        : Bean with name 'configurationPropertiesRebinder' has been autodetected for JMX exposure
2017-11-27 11:15:41.127  INFO 48674 --- [main] o.s.j.e.a.AnnotationMBeanExporter        : Bean with name 'refreshEndpoint' has been autodetected for JMX exposure
2017-11-27 11:15:41.127  INFO 48674 --- [main] o.s.j.e.a.AnnotationMBeanExporter        : Bean with name 'restartEndpoint' has been autodetected for JMX exposure
2017-11-27 11:15:41.128  INFO 48674 --- [main] o.s.j.e.a.AnnotationMBeanExporter        : Bean with name 'serviceRegistryEndpoint' has been autodetected for JMX exposure
2017-11-27 11:15:41.129  INFO 48674 --- [main] o.s.j.e.a.AnnotationMBeanExporter        : Bean with name 'refreshScope' has been autodetected for JMX exposure
2017-11-27 11:15:41.131  INFO 48674 --- [main] o.s.j.e.a.AnnotationMBeanExporter        : Located managed bean 'environmentManager': registering with JMX server as MBean [org.springframework.cloud.context.environment:name=environmentManager,type=EnvironmentManager]
2017-11-27 11:15:41.142  INFO 48674 --- [main] o.s.j.e.a.AnnotationMBeanExporter        : Located managed bean 'restartEndpoint': registering with JMX server as MBean [org.springframework.cloud.context.restart:name=restartEndpoint,type=RestartEndpoint]
2017-11-27 11:15:41.151  INFO 48674 --- [main] o.s.j.e.a.AnnotationMBeanExporter        : Located managed bean 'serviceRegistryEndpoint': registering with JMX server as MBean [org.springframework.cloud.client.serviceregistry.endpoint:name=serviceRegistryEndpoint,type=ServiceRegistryEndpoint]
2017-11-27 11:15:41.157  INFO 48674 --- [main] o.s.j.e.a.AnnotationMBeanExporter        : Located managed bean 'refreshScope': registering with JMX server as MBean [org.springframework.cloud.context.scope.refresh:name=refreshScope,type=RefreshScope]
2017-11-27 11:15:41.166  INFO 48674 --- [main] o.s.j.e.a.AnnotationMBeanExporter        : Located managed bean 'configurationPropertiesRebinder': registering with JMX server as MBean [org.springframework.cloud.context.properties:name=configurationPropertiesRebinder,context=4aa83f4f,type=ConfigurationPropertiesRebinder]
2017-11-27 11:15:41.171  INFO 48674 --- [main] o.s.j.e.a.AnnotationMBeanExporter        : Located managed bean 'refreshEndpoint': registering with JMX server as MBean [org.springframework.cloud.endpoint:name=refreshEndpoint,type=RefreshEndpoint]
2017-11-27 11:15:41.340  INFO 48674 --- [main] o.s.c.support.DefaultLifecycleProcessor  : Starting beans in phase 0
2017-11-27 11:15:41.340  INFO 48674 --- [main] o.s.c.n.e.s.EurekaServiceRegistry        : Registering application unknown with eureka with status UP
2017-11-27 11:15:41.376  INFO 48674 --- [Thread-11] o.s.c.n.e.server.EurekaServerBootstrap   : Setting the eureka configuration..
2017-11-27 11:15:41.377  INFO 48674 --- [Thread-11] o.s.c.n.e.server.EurekaServerBootstrap   : Eureka data center value eureka.datacenter is not set, defaulting to default
2017-11-27 11:15:41.377  INFO 48674 --- [Thread-11] o.s.c.n.e.server.EurekaServerBootstrap   : Eureka environment value eureka.environment is not set, defaulting to test
2017-11-27 11:15:41.394  INFO 48674 --- [Thread-11] o.s.c.n.e.server.EurekaServerBootstrap   : isAws returned false
2017-11-27 11:15:41.395  INFO 48674 --- [Thread-11] o.s.c.n.e.server.EurekaServerBootstrap   : Initialized server context
2017-11-27 11:15:41.395  INFO 48674 --- [Thread-11] c.n.e.r.PeerAwareInstanceRegistryImpl    : Got 1 instances from neighboring DS node
2017-11-27 11:15:41.395  INFO 48674 --- [Thread-11] c.n.e.r.PeerAwareInstanceRegistryImpl    : Renew threshold is: 1
2017-11-27 11:15:41.395  INFO 48674 --- [Thread-11] c.n.e.r.PeerAwareInstanceRegistryImpl    : Changing status to UP
2017-11-27 11:15:41.403  INFO 48674 --- [Thread-11] e.s.EurekaServerInitializerConfiguration : Started Eureka Server
2017-11-27 11:15:41.460  INFO 48674 --- [main] s.b.c.e.t.TomcatEmbeddedServletContainer : Tomcat started on port(s): 8000 (http)
2017-11-27 11:15:41.461  INFO 48674 --- [main] .s.c.n.e.s.EurekaAutoServiceRegistration : Updating port to 8000
2017-11-27 11:15:41.465  INFO 48674 --- [main] com.hengaiw.PayServer                    : Started PayServer in 6.479 seconds (JVM running for 6.93)
2017-11-27 11:15:59.176  INFO 48674 --- [http-nio-8000-exec-1] o.a.c.c.C.[Tomcat].[localhost].[/]       : Initializing Spring FrameworkServlet 'dispatcherServlet'
2017-11-27 11:15:59.176  INFO 48674 --- [http-nio-8000-exec-1] o.s.web.servlet.DispatcherServlet        : FrameworkServlet 'dispatcherServlet': initialization started
2017-11-27 11:15:59.204  INFO 48674 --- [http-nio-8000-exec-1] o.s.web.servlet.DispatcherServlet        : FrameworkServlet 'dispatcherServlet': initialization completed in 28 ms
2017-11-27 11:15:59.524  INFO 48674 --- [http-nio-8000-exec-2] c.n.e.registry.AbstractInstanceRegistry  : Registered instance HAPAYCONFIG/192.168.1.100:HaPayConfig:8001 with status UP (replication=false)
2017-11-27 11:16:00.183  INFO 48674 --- [http-nio-8000-exec-3] c.n.e.registry.AbstractInstanceRegistry  : Registered instance HAPAYCONFIG/192.168.1.100:HaPayConfig:8001 with status UP (replication=true)
2017-11-27 11:16:20.925  INFO 48674 --- [http-nio-8000-exec-7] c.n.e.registry.AbstractInstanceRegistry  : Registered instance HAPAYALIPAYSERVICE/192.168.1.100:HaPayAlipayService:8007 with status UP (replication=false)
2017-11-27 11:16:21.439  INFO 48674 --- [http-nio-8000-exec-8] c.n.e.registry.AbstractInstanceRegistry  : Registered instance HAPAYALIPAYSERVICE/192.168.1.100:HaPayAlipayService:8007 with status UP (replication=true)
2017-11-27 11:16:41.398  INFO 48674 --- [Eureka-EvictionTimer] c.n.e.registry.AbstractInstanceRegistry  : Running the evict task with compensationTime 0ms
2017-11-27 11:16:54.699  INFO 48674 --- [Thread-13] ationConfigEmbeddedWebApplicationContext : Closing org.springframework.boot.context.embedded.AnnotationConfigEmbeddedWebApplicationContext@4aa83f4f: startup date [Mon Nov 27 11:15:36 CST 2017]; parent: org.springframework.context.annotation.AnnotationConfigApplicationContext@619713e5
2017-11-27 11:16:54.701  INFO 48674 --- [Thread-13] o.s.c.n.e.s.EurekaServiceRegistry        : Unregistering application unknown with eureka with status DOWN
2017-11-27 11:16:54.704  INFO 48674 --- [Thread-13] com.netflix.discovery.DiscoveryClient    : Shutting down DiscoveryClient ...
2017-11-27 11:16:54.704  INFO 48674 --- [Thread-13] com.netflix.discovery.DiscoveryClient    : Completed shut down of DiscoveryClient
2017-11-27 11:16:54.707  INFO 48674 --- [Thread-13] o.s.c.support.DefaultLifecycleProcessor  : Stopping beans in phase 0
2017-11-27 11:16:54.709  INFO 48674 --- [Thread-13] c.n.eureka.DefaultEurekaServerContext    : Shutting down ...
2017-11-27 11:16:54.712  INFO 48674 --- [Thread-13] c.n.eureka.DefaultEurekaServerContext    : Shut down
2017-11-27 11:16:54.717  INFO 48674 --- [Thread-13] o.s.j.e.a.AnnotationMBeanExporter        : Unregistering JMX-exposed beans on shutdown
2017-11-27 11:16:54.718  INFO 48674 --- [Thread-13] o.s.j.e.a.AnnotationMBeanExporter        : Unregistering JMX-exposed beans
